2025-09-05 12:25:32: [Stripe] key starts sk_? true len: 107 preview: sk_test...SDSz
2025-09-05 12:25:32: ✅ chat.js wurde geladen
2025-09-05 12:25:33: ROUTE LOADED: P:\11_Projekte\KI_bot\Backend\ZIP_Ordner\routes\admin-prompt.js
2025-09-05 12:25:33: ✅ Mail-Transport bereit
2025-09-05 12:25:44: [Stripe] key starts sk_? true len: 107 preview: sk_test...SDSz
2025-09-05 12:25:44: ✅ chat.js wurde geladen
2025-09-05 12:25:44: ROUTE LOADED: P:\11_Projekte\KI_bot\Backend\ZIP_Ordner\routes\admin-prompt.js
2025-09-05 12:25:45: ✅ Mail-Transport bereit
2025-09-05 12:25:55: [Stripe] key starts sk_? true len: 107 preview: sk_test...SDSz
2025-09-05 12:25:56: ✅ chat.js wurde geladen
2025-09-05 12:25:56: ROUTE LOADED: P:\11_Projekte\KI_bot\Backend\ZIP_Ordner\routes\admin-prompt.js
2025-09-05 12:25:56: ✅ Mail-Transport bereit
2025-09-05 12:26:07: [Stripe] key starts sk_? true len: 107 preview: sk_test...SDSz
2025-09-05 12:26:07: ✅ chat.js wurde geladen
2025-09-05 12:26:07: ROUTE LOADED: P:\11_Projekte\KI_bot\Backend\ZIP_Ordner\routes\admin-prompt.js
2025-09-05 12:26:08: ✅ Mail-Transport bereit
2025-09-05 12:26:19: [Stripe] key starts sk_? true len: 107 preview: sk_test...SDSz
2025-09-05 12:26:19: ✅ chat.js wurde geladen
2025-09-05 12:26:19: ROUTE LOADED: P:\11_Projekte\KI_bot\Backend\ZIP_Ordner\routes\admin-prompt.js
2025-09-05 12:26:20: ✅ Mail-Transport bereit
2025-09-05 12:26:30: [Stripe] key starts sk_? true len: 107 preview: sk_test...SDSz
2025-09-05 12:26:30: ✅ chat.js wurde geladen
2025-09-05 12:26:31: ROUTE LOADED: P:\11_Projekte\KI_bot\Backend\ZIP_Ordner\routes\admin-prompt.js
2025-09-05 12:26:31: ✅ Mail-Transport bereit
2025-09-05 12:26:42: [Stripe] key starts sk_? true len: 107 preview: sk_test...SDSz
2025-09-05 12:26:42: ✅ chat.js wurde geladen
2025-09-05 12:26:42: ROUTE LOADED: P:\11_Projekte\KI_bot\Backend\ZIP_Ordner\routes\admin-prompt.js
2025-09-05 12:26:43: ✅ Mail-Transport bereit
2025-09-05 12:26:54: [Stripe] key starts sk_? true len: 107 preview: sk_test...SDSz
2025-09-05 12:26:54: ✅ chat.js wurde geladen
2025-09-05 12:26:54: ROUTE LOADED: P:\11_Projekte\KI_bot\Backend\ZIP_Ordner\routes\admin-prompt.js
2025-09-05 12:26:55: ✅ Mail-Transport bereit
2025-09-05 12:27:05: [Stripe] key starts sk_? true len: 107 preview: sk_test...SDSz
2025-09-05 12:27:06: ✅ chat.js wurde geladen
2025-09-05 12:27:06: ROUTE LOADED: P:\11_Projekte\KI_bot\Backend\ZIP_Ordner\routes\admin-prompt.js
2025-09-05 12:27:07: ✅ Mail-Transport bereit
2025-09-05 12:27:17: [Stripe] key starts sk_? true len: 107 preview: sk_test...SDSz
2025-09-05 12:27:17: ✅ chat.js wurde geladen
2025-09-05 12:27:17: ROUTE LOADED: P:\11_Projekte\KI_bot\Backend\ZIP_Ordner\routes\admin-prompt.js
2025-09-05 12:27:18: ✅ Mail-Transport bereit
2025-09-05 12:27:29: [Stripe] key starts sk_? true len: 107 preview: sk_test...SDSz
2025-09-05 12:27:29: ✅ chat.js wurde geladen
2025-09-05 12:27:30: ROUTE LOADED: P:\11_Projekte\KI_bot\Backend\ZIP_Ordner\routes\admin-prompt.js
2025-09-05 12:27:30: ✅ Mail-Transport bereit
2025-09-05 12:27:41: [Stripe] key starts sk_? true len: 107 preview: sk_test...SDSz
2025-09-05 12:27:41: ✅ chat.js wurde geladen
2025-09-05 12:27:41: ROUTE LOADED: P:\11_Projekte\KI_bot\Backend\ZIP_Ordner\routes\admin-prompt.js
2025-09-05 12:27:42: ✅ Mail-Transport bereit
2025-09-05 12:27:53: [Stripe] key starts sk_? true len: 107 preview: sk_test...SDSz
2025-09-05 12:27:53: ✅ chat.js wurde geladen
2025-09-05 12:27:53: ROUTE LOADED: P:\11_Projekte\KI_bot\Backend\ZIP_Ordner\routes\admin-prompt.js
2025-09-05 12:27:54: ✅ Mail-Transport bereit
2025-09-05 12:28:04: [Stripe] key starts sk_? true len: 107 preview: sk_test...SDSz
2025-09-05 12:28:05: ✅ chat.js wurde geladen
2025-09-05 12:28:05: ROUTE LOADED: P:\11_Projekte\KI_bot\Backend\ZIP_Ordner\routes\admin-prompt.js
2025-09-05 12:28:06: ✅ Mail-Transport bereit
2025-09-05 12:28:17: [Stripe] key starts sk_? true len: 107 preview: sk_test...SDSz
2025-09-05 12:28:17: ✅ chat.js wurde geladen
2025-09-05 12:28:17: ROUTE LOADED: P:\11_Projekte\KI_bot\Backend\ZIP_Ordner\routes\admin-prompt.js
2025-09-05 12:28:18: ✅ Mail-Transport bereit
2025-09-05 12:28:28: [Stripe] key starts sk_? true len: 107 preview: sk_test...SDSz
2025-09-05 12:28:29: ✅ chat.js wurde geladen
2025-09-05 12:28:29: ROUTE LOADED: P:\11_Projekte\KI_bot\Backend\ZIP_Ordner\routes\admin-prompt.js
2025-09-05 12:28:29: ✅ Mail-Transport bereit
2025-09-05 12:28:40: [Stripe] key starts sk_? true len: 107 preview: sk_test...SDSz
2025-09-05 12:28:40: ✅ chat.js wurde geladen
2025-09-05 12:28:41: ROUTE LOADED: P:\11_Projekte\KI_bot\Backend\ZIP_Ordner\routes\admin-prompt.js
2025-09-05 12:28:41: ✅ Mail-Transport bereit
2025-09-05 12:29:14: [Stripe] key starts sk_? true len: 107 preview: sk_test...SDSz
2025-09-05 12:29:14: ✅ chat.js wurde geladen
2025-09-05 12:29:15: ROUTE LOADED: P:\11_Projekte\KI_bot\Backend\ZIP_Ordner\routes\admin-prompt.js
2025-09-05 12:29:15: ✅ Mail-Transport bereit
2025-09-05 12:29:26: [Stripe] key starts sk_? true len: 107 preview: sk_test...SDSz
2025-09-05 12:29:26: ✅ chat.js wurde geladen
2025-09-05 12:29:26: ROUTE LOADED: P:\11_Projekte\KI_bot\Backend\ZIP_Ordner\routes\admin-prompt.js
2025-09-05 12:29:27: ✅ Mail-Transport bereit
2025-09-05 12:29:37: [Stripe] key starts sk_? true len: 107 preview: sk_test...SDSz
2025-09-05 12:29:37: ✅ chat.js wurde geladen
2025-09-05 12:29:37: ROUTE LOADED: P:\11_Projekte\KI_bot\Backend\ZIP_Ordner\routes\admin-prompt.js
2025-09-05 12:29:38: ✅ Mail-Transport bereit
2025-09-05 12:29:49: [Stripe] key starts sk_? true len: 107 preview: sk_test...SDSz
2025-09-05 12:29:49: ✅ chat.js wurde geladen
2025-09-05 12:29:49: ROUTE LOADED: P:\11_Projekte\KI_bot\Backend\ZIP_Ordner\routes\admin-prompt.js
2025-09-05 12:29:50: ✅ Mail-Transport bereit
2025-09-05 12:30:01: [Stripe] key starts sk_? true len: 107 preview: sk_test...SDSz
2025-09-05 12:30:01: ✅ chat.js wurde geladen
2025-09-05 12:30:01: ROUTE LOADED: P:\11_Projekte\KI_bot\Backend\ZIP_Ordner\routes\admin-prompt.js
2025-09-05 12:30:02: ✅ Mail-Transport bereit
2025-09-05 12:30:12: [Stripe] key starts sk_? true len: 107 preview: sk_test...SDSz
2025-09-05 12:30:12: ✅ chat.js wurde geladen
2025-09-05 12:30:13: ROUTE LOADED: P:\11_Projekte\KI_bot\Backend\ZIP_Ordner\routes\admin-prompt.js
2025-09-05 12:30:13: ✅ Mail-Transport bereit
2025-09-05 12:30:24: [Stripe] key starts sk_? true len: 107 preview: sk_test...SDSz
2025-09-05 12:30:24: ✅ chat.js wurde geladen
2025-09-05 12:30:24: ROUTE LOADED: P:\11_Projekte\KI_bot\Backend\ZIP_Ordner\routes\admin-prompt.js
2025-09-05 12:30:25: ✅ Mail-Transport bereit
2025-09-05 12:30:35: [Stripe] key starts sk_? true len: 107 preview: sk_test...SDSz
2025-09-05 12:30:35: ✅ chat.js wurde geladen
2025-09-05 12:30:36: ROUTE LOADED: P:\11_Projekte\KI_bot\Backend\ZIP_Ordner\routes\admin-prompt.js
2025-09-05 12:30:36: ✅ Mail-Transport bereit
2025-09-05 12:30:47: [Stripe] key starts sk_? true len: 107 preview: sk_test...SDSz
2025-09-05 12:30:47: ✅ chat.js wurde geladen
2025-09-05 12:30:47: ROUTE LOADED: P:\11_Projekte\KI_bot\Backend\ZIP_Ordner\routes\admin-prompt.js
2025-09-05 12:30:48: ✅ Mail-Transport bereit
2025-09-05 12:30:59: [Stripe] key starts sk_? true len: 107 preview: sk_test...SDSz
2025-09-05 12:30:59: ✅ chat.js wurde geladen
2025-09-05 12:30:59: ROUTE LOADED: P:\11_Projekte\KI_bot\Backend\ZIP_Ordner\routes\admin-prompt.js
2025-09-05 12:31:00: ✅ Mail-Transport bereit
2025-09-05 12:31:11: [Stripe] key starts sk_? true len: 107 preview: sk_test...SDSz
2025-09-05 12:31:11: ✅ chat.js wurde geladen
2025-09-05 12:31:12: ROUTE LOADED: P:\11_Projekte\KI_bot\Backend\ZIP_Ordner\routes\admin-prompt.js
2025-09-05 12:31:12: ✅ Mail-Transport bereit
2025-09-05 12:31:23: [Stripe] key starts sk_? true len: 107 preview: sk_test...SDSz
2025-09-05 12:31:23: ✅ chat.js wurde geladen
2025-09-05 12:31:24: ROUTE LOADED: P:\11_Projekte\KI_bot\Backend\ZIP_Ordner\routes\admin-prompt.js
2025-09-05 12:31:24: ✅ Mail-Transport bereit
2025-09-05 12:31:35: [Stripe] key starts sk_? true len: 107 preview: sk_test...SDSz
2025-09-05 12:31:35: ✅ chat.js wurde geladen
2025-09-05 12:31:36: ROUTE LOADED: P:\11_Projekte\KI_bot\Backend\ZIP_Ordner\routes\admin-prompt.js
2025-09-05 12:31:36: ✅ Mail-Transport bereit
2025-09-05 12:31:47: [Stripe] key starts sk_? true len: 107 preview: sk_test...SDSz
2025-09-05 12:31:47: ✅ chat.js wurde geladen
2025-09-05 12:31:47: ROUTE LOADED: P:\11_Projekte\KI_bot\Backend\ZIP_Ordner\routes\admin-prompt.js
2025-09-05 12:31:48: ✅ Mail-Transport bereit
2025-09-05 12:31:58: [Stripe] key starts sk_? true len: 107 preview: sk_test...SDSz
2025-09-05 12:31:58: ✅ chat.js wurde geladen
2025-09-05 12:31:59: ROUTE LOADED: P:\11_Projekte\KI_bot\Backend\ZIP_Ordner\routes\admin-prompt.js
2025-09-05 12:31:59: ✅ Mail-Transport bereit
2025-09-05 12:32:10: [Stripe] key starts sk_? true len: 107 preview: sk_test...SDSz
2025-09-05 12:32:10: ✅ chat.js wurde geladen
2025-09-05 12:32:10: ROUTE LOADED: P:\11_Projekte\KI_bot\Backend\ZIP_Ordner\routes\admin-prompt.js
2025-09-05 12:32:11: ✅ Mail-Transport bereit
2025-09-05 12:32:21: [Stripe] key starts sk_? true len: 107 preview: sk_test...SDSz
2025-09-05 12:32:21: ✅ chat.js wurde geladen
2025-09-05 12:32:22: ROUTE LOADED: P:\11_Projekte\KI_bot\Backend\ZIP_Ordner\routes\admin-prompt.js
2025-09-05 12:32:22: ✅ Mail-Transport bereit
2025-09-05 12:32:33: [Stripe] key starts sk_? true len: 107 preview: sk_test...SDSz
2025-09-05 12:32:33: ✅ chat.js wurde geladen
2025-09-05 12:32:33: ROUTE LOADED: P:\11_Projekte\KI_bot\Backend\ZIP_Ordner\routes\admin-prompt.js
2025-09-05 12:32:34: ✅ Mail-Transport bereit
2025-09-05 12:32:44: [Stripe] key starts sk_? true len: 107 preview: sk_test...SDSz
2025-09-05 12:32:44: ✅ chat.js wurde geladen
2025-09-05 12:32:45: ROUTE LOADED: P:\11_Projekte\KI_bot\Backend\ZIP_Ordner\routes\admin-prompt.js
2025-09-05 12:32:45: ✅ Mail-Transport bereit
2025-09-05 12:32:56: [Stripe] key starts sk_? true len: 107 preview: sk_test...SDSz
2025-09-05 12:32:56: ✅ chat.js wurde geladen
2025-09-05 12:32:56: ROUTE LOADED: P:\11_Projekte\KI_bot\Backend\ZIP_Ordner\routes\admin-prompt.js
2025-09-05 12:32:57: ✅ Mail-Transport bereit
2025-09-05 12:33:08: [Stripe] key starts sk_? true len: 107 preview: sk_test...SDSz
2025-09-05 12:33:08: ✅ chat.js wurde geladen
2025-09-05 12:33:08: ROUTE LOADED: P:\11_Projekte\KI_bot\Backend\ZIP_Ordner\routes\admin-prompt.js
2025-09-05 12:33:09: ✅ Mail-Transport bereit
2025-09-05 12:33:19: [Stripe] key starts sk_? true len: 107 preview: sk_test...SDSz
2025-09-05 12:33:19: ✅ chat.js wurde geladen
2025-09-05 12:33:20: ROUTE LOADED: P:\11_Projekte\KI_bot\Backend\ZIP_Ordner\routes\admin-prompt.js
2025-09-05 12:33:20: ✅ Mail-Transport bereit
2025-09-05 12:33:31: [Stripe] key starts sk_? true len: 107 preview: sk_test...SDSz
2025-09-05 12:33:31: ✅ chat.js wurde geladen
2025-09-05 12:33:31: ROUTE LOADED: P:\11_Projekte\KI_bot\Backend\ZIP_Ordner\routes\admin-prompt.js
2025-09-05 12:33:32: ✅ Mail-Transport bereit
2025-09-05 12:33:42: [Stripe] key starts sk_? true len: 107 preview: sk_test...SDSz
2025-09-05 12:33:43: ✅ chat.js wurde geladen
2025-09-05 12:33:43: ROUTE LOADED: P:\11_Projekte\KI_bot\Backend\ZIP_Ordner\routes\admin-prompt.js
2025-09-05 12:33:43: ✅ Mail-Transport bereit
2025-09-05 12:33:54: [Stripe] key starts sk_? true len: 107 preview: sk_test...SDSz
2025-09-05 12:33:54: ✅ chat.js wurde geladen
2025-09-05 12:33:54: ROUTE LOADED: P:\11_Projekte\KI_bot\Backend\ZIP_Ordner\routes\admin-prompt.js
2025-09-05 12:33:55: ✅ Mail-Transport bereit
2025-09-05 12:34:05: [Stripe] key starts sk_? true len: 107 preview: sk_test...SDSz
2025-09-05 12:34:05: ✅ chat.js wurde geladen
2025-09-05 12:34:06: ROUTE LOADED: P:\11_Projekte\KI_bot\Backend\ZIP_Ordner\routes\admin-prompt.js
2025-09-05 12:34:06: ✅ Mail-Transport bereit
2025-09-05 12:34:17: [Stripe] key starts sk_? true len: 107 preview: sk_test...SDSz
2025-09-05 12:34:17: ✅ chat.js wurde geladen
2025-09-05 12:34:17: ROUTE LOADED: P:\11_Projekte\KI_bot\Backend\ZIP_Ordner\routes\admin-prompt.js
2025-09-05 12:34:18: ✅ Mail-Transport bereit
2025-09-05 12:34:28: [Stripe] key starts sk_? true len: 107 preview: sk_test...SDSz
2025-09-05 12:34:28: ✅ chat.js wurde geladen
2025-09-05 12:34:29: ROUTE LOADED: P:\11_Projekte\KI_bot\Backend\ZIP_Ordner\routes\admin-prompt.js
2025-09-05 12:34:29: ✅ Mail-Transport bereit
2025-09-05 12:34:40: [Stripe] key starts sk_? true len: 107 preview: sk_test...SDSz
2025-09-05 12:34:40: ✅ chat.js wurde geladen
2025-09-05 12:34:40: ROUTE LOADED: P:\11_Projekte\KI_bot\Backend\ZIP_Ordner\routes\admin-prompt.js
2025-09-05 12:34:41: ✅ Mail-Transport bereit
2025-09-05 12:34:51: [Stripe] key starts sk_? true len: 107 preview: sk_test...SDSz
2025-09-05 12:34:51: ✅ chat.js wurde geladen
2025-09-05 12:34:52: ROUTE LOADED: P:\11_Projekte\KI_bot\Backend\ZIP_Ordner\routes\admin-prompt.js
2025-09-05 12:34:52: ✅ Mail-Transport bereit
2025-09-05 12:35:03: [Stripe] key starts sk_? true len: 107 preview: sk_test...SDSz
2025-09-05 12:35:03: ✅ chat.js wurde geladen
2025-09-05 12:35:03: ROUTE LOADED: P:\11_Projekte\KI_bot\Backend\ZIP_Ordner\routes\admin-prompt.js
2025-09-05 12:35:04: ✅ Mail-Transport bereit
2025-09-05 12:35:14: [Stripe] key starts sk_? true len: 107 preview: sk_test...SDSz
2025-09-05 12:35:14: ✅ chat.js wurde geladen
2025-09-05 12:35:15: ROUTE LOADED: P:\11_Projekte\KI_bot\Backend\ZIP_Ordner\routes\admin-prompt.js
2025-09-05 12:35:15: ✅ Mail-Transport bereit
2025-09-05 12:35:26: [Stripe] key starts sk_? true len: 107 preview: sk_test...SDSz
2025-09-05 12:35:26: ✅ chat.js wurde geladen
2025-09-05 12:35:26: ROUTE LOADED: P:\11_Projekte\KI_bot\Backend\ZIP_Ordner\routes\admin-prompt.js
2025-09-05 12:35:27: ✅ Mail-Transport bereit
2025-09-05 12:35:37: [Stripe] key starts sk_? true len: 107 preview: sk_test...SDSz
2025-09-05 12:35:37: ✅ chat.js wurde geladen
2025-09-05 12:35:38: ROUTE LOADED: P:\11_Projekte\KI_bot\Backend\ZIP_Ordner\routes\admin-prompt.js
2025-09-05 12:35:38: ✅ Mail-Transport bereit
2025-09-05 12:35:48: [Stripe] key starts sk_? true len: 107 preview: sk_test...SDSz
2025-09-05 12:35:49: ✅ chat.js wurde geladen
2025-09-05 12:35:49: ROUTE LOADED: P:\11_Projekte\KI_bot\Backend\ZIP_Ordner\routes\admin-prompt.js
2025-09-05 12:35:49: ✅ Mail-Transport bereit
2025-09-05 12:36:00: [Stripe] key starts sk_? true len: 107 preview: sk_test...SDSz
2025-09-05 12:36:00: ✅ chat.js wurde geladen
2025-09-05 12:36:00: ROUTE LOADED: P:\11_Projekte\KI_bot\Backend\ZIP_Ordner\routes\admin-prompt.js
2025-09-05 12:36:01: ✅ Mail-Transport bereit
2025-09-05 12:36:11: [Stripe] key starts sk_? true len: 107 preview: sk_test...SDSz
2025-09-05 12:36:11: ✅ chat.js wurde geladen
2025-09-05 12:36:12: ROUTE LOADED: P:\11_Projekte\KI_bot\Backend\ZIP_Ordner\routes\admin-prompt.js
2025-09-05 12:36:12: ✅ Mail-Transport bereit
2025-09-05 12:36:23: [Stripe] key starts sk_? true len: 107 preview: sk_test...SDSz
2025-09-05 12:36:23: ✅ chat.js wurde geladen
2025-09-05 12:36:23: ROUTE LOADED: P:\11_Projekte\KI_bot\Backend\ZIP_Ordner\routes\admin-prompt.js
2025-09-05 12:36:24: ✅ Mail-Transport bereit
2025-09-05 12:36:34: [Stripe] key starts sk_? true len: 107 preview: sk_test...SDSz
2025-09-05 12:36:34: ✅ chat.js wurde geladen
2025-09-05 12:36:34: ROUTE LOADED: P:\11_Projekte\KI_bot\Backend\ZIP_Ordner\routes\admin-prompt.js
2025-09-05 12:36:35: ✅ Mail-Transport bereit
2025-09-05 12:36:45: [Stripe] key starts sk_? true len: 107 preview: sk_test...SDSz
2025-09-05 12:36:45: ✅ chat.js wurde geladen
2025-09-05 12:36:46: ROUTE LOADED: P:\11_Projekte\KI_bot\Backend\ZIP_Ordner\routes\admin-prompt.js
2025-09-05 12:36:46: ✅ Mail-Transport bereit
2025-09-05 12:36:57: [Stripe] key starts sk_? true len: 107 preview: sk_test...SDSz
2025-09-05 12:36:57: ✅ chat.js wurde geladen
2025-09-05 12:36:57: ROUTE LOADED: P:\11_Projekte\KI_bot\Backend\ZIP_Ordner\routes\admin-prompt.js
2025-09-05 12:36:58: ✅ Mail-Transport bereit
2025-09-05 12:37:08: [Stripe] key starts sk_? true len: 107 preview: sk_test...SDSz
2025-09-05 12:37:08: ✅ chat.js wurde geladen
2025-09-05 12:37:09: ROUTE LOADED: P:\11_Projekte\KI_bot\Backend\ZIP_Ordner\routes\admin-prompt.js
2025-09-05 12:37:09: ✅ Mail-Transport bereit
2025-09-05 12:37:20: [Stripe] key starts sk_? true len: 107 preview: sk_test...SDSz
2025-09-05 12:37:20: ✅ chat.js wurde geladen
2025-09-05 12:37:20: ROUTE LOADED: P:\11_Projekte\KI_bot\Backend\ZIP_Ordner\routes\admin-prompt.js
2025-09-05 12:37:21: ✅ Mail-Transport bereit
2025-09-05 12:37:31: [Stripe] key starts sk_? true len: 107 preview: sk_test...SDSz
2025-09-05 12:37:31: ✅ chat.js wurde geladen
2025-09-05 12:37:32: ROUTE LOADED: P:\11_Projekte\KI_bot\Backend\ZIP_Ordner\routes\admin-prompt.js
2025-09-05 12:37:32: ✅ Mail-Transport bereit
2025-09-05 12:37:43: [Stripe] key starts sk_? true len: 107 preview: sk_test...SDSz
2025-09-05 12:37:43: ✅ chat.js wurde geladen
2025-09-05 12:37:43: ROUTE LOADED: P:\11_Projekte\KI_bot\Backend\ZIP_Ordner\routes\admin-prompt.js
2025-09-05 12:37:44: ✅ Mail-Transport bereit
2025-09-05 12:37:54: [Stripe] key starts sk_? true len: 107 preview: sk_test...SDSz
2025-09-05 12:37:54: ✅ chat.js wurde geladen
2025-09-05 12:37:55: ROUTE LOADED: P:\11_Projekte\KI_bot\Backend\ZIP_Ordner\routes\admin-prompt.js
2025-09-05 12:37:55: ✅ Mail-Transport bereit
2025-09-05 12:38:06: [Stripe] key starts sk_? true len: 107 preview: sk_test...SDSz
2025-09-05 12:38:06: ✅ chat.js wurde geladen
2025-09-05 12:38:06: ROUTE LOADED: P:\11_Projekte\KI_bot\Backend\ZIP_Ordner\routes\admin-prompt.js
2025-09-05 12:38:07: ✅ Mail-Transport bereit
2025-09-05 12:38:17: [Stripe] key starts sk_? true len: 107 preview: sk_test...SDSz
2025-09-05 12:38:17: ✅ chat.js wurde geladen
2025-09-05 12:38:18: ROUTE LOADED: P:\11_Projekte\KI_bot\Backend\ZIP_Ordner\routes\admin-prompt.js
2025-09-05 12:38:18: ✅ Mail-Transport bereit
2025-09-05 12:38:29: [Stripe] key starts sk_? true len: 107 preview: sk_test...SDSz
2025-09-05 12:38:29: ✅ chat.js wurde geladen
2025-09-05 12:38:29: ROUTE LOADED: P:\11_Projekte\KI_bot\Backend\ZIP_Ordner\routes\admin-prompt.js
2025-09-05 12:38:30: ✅ Mail-Transport bereit
2025-09-05 12:38:41: [Stripe] key starts sk_? true len: 107 preview: sk_test...SDSz
2025-09-05 12:38:41: ✅ chat.js wurde geladen
2025-09-05 12:38:41: ROUTE LOADED: P:\11_Projekte\KI_bot\Backend\ZIP_Ordner\routes\admin-prompt.js
2025-09-05 12:38:42: ✅ Mail-Transport bereit
2025-09-05 12:38:52: [Stripe] key starts sk_? true len: 107 preview: sk_test...SDSz
2025-09-05 12:38:52: ✅ chat.js wurde geladen
2025-09-05 12:38:53: ROUTE LOADED: P:\11_Projekte\KI_bot\Backend\ZIP_Ordner\routes\admin-prompt.js
2025-09-05 12:38:53: ✅ Mail-Transport bereit
2025-09-05 12:39:04: [Stripe] key starts sk_? true len: 107 preview: sk_test...SDSz
2025-09-05 12:39:04: ✅ chat.js wurde geladen
2025-09-05 12:39:04: ROUTE LOADED: P:\11_Projekte\KI_bot\Backend\ZIP_Ordner\routes\admin-prompt.js
2025-09-05 12:39:05: ✅ Mail-Transport bereit
2025-09-05 12:39:15: [Stripe] key starts sk_? true len: 107 preview: sk_test...SDSz
2025-09-05 12:39:15: ✅ chat.js wurde geladen
2025-09-05 12:39:16: ROUTE LOADED: P:\11_Projekte\KI_bot\Backend\ZIP_Ordner\routes\admin-prompt.js
2025-09-05 12:39:16: ✅ Mail-Transport bereit
2025-09-05 12:39:27: [Stripe] key starts sk_? true len: 107 preview: sk_test...SDSz
2025-09-05 12:39:27: ✅ chat.js wurde geladen
2025-09-05 12:39:27: ROUTE LOADED: P:\11_Projekte\KI_bot\Backend\ZIP_Ordner\routes\admin-prompt.js
2025-09-05 12:39:28: ✅ Mail-Transport bereit
2025-09-05 12:39:38: [Stripe] key starts sk_? true len: 107 preview: sk_test...SDSz
2025-09-05 12:39:38: ✅ chat.js wurde geladen
2025-09-05 12:39:39: ROUTE LOADED: P:\11_Projekte\KI_bot\Backend\ZIP_Ordner\routes\admin-prompt.js
2025-09-05 12:39:39: ✅ Mail-Transport bereit
2025-09-05 12:39:50: [Stripe] key starts sk_? true len: 107 preview: sk_test...SDSz
2025-09-05 12:39:50: ✅ chat.js wurde geladen
2025-09-05 12:39:50: ROUTE LOADED: P:\11_Projekte\KI_bot\Backend\ZIP_Ordner\routes\admin-prompt.js
2025-09-05 12:39:51: ✅ Mail-Transport bereit
2025-09-05 12:40:02: [Stripe] key starts sk_? true len: 107 preview: sk_test...SDSz
2025-09-05 12:40:02: ✅ chat.js wurde geladen
2025-09-05 12:40:02: ROUTE LOADED: P:\11_Projekte\KI_bot\Backend\ZIP_Ordner\routes\admin-prompt.js
2025-09-05 12:40:03: ✅ Mail-Transport bereit
2025-09-05 12:40:13: [Stripe] key starts sk_? true len: 107 preview: sk_test...SDSz
2025-09-05 12:40:13: ✅ chat.js wurde geladen
2025-09-05 12:40:14: ROUTE LOADED: P:\11_Projekte\KI_bot\Backend\ZIP_Ordner\routes\admin-prompt.js
2025-09-05 12:40:14: ✅ Mail-Transport bereit
2025-09-05 12:40:25: [Stripe] key starts sk_? true len: 107 preview: sk_test...SDSz
2025-09-05 12:40:25: ✅ chat.js wurde geladen
2025-09-05 12:40:25: ROUTE LOADED: P:\11_Projekte\KI_bot\Backend\ZIP_Ordner\routes\admin-prompt.js
2025-09-05 12:40:26: ✅ Mail-Transport bereit
2025-09-05 12:40:37: [Stripe] key starts sk_? true len: 107 preview: sk_test...SDSz
2025-09-05 12:40:37: ✅ chat.js wurde geladen
2025-09-05 12:40:37: ROUTE LOADED: P:\11_Projekte\KI_bot\Backend\ZIP_Ordner\routes\admin-prompt.js
2025-09-05 12:40:37: ✅ Mail-Transport bereit
2025-09-05 12:40:48: [Stripe] key starts sk_? true len: 107 preview: sk_test...SDSz
2025-09-05 12:40:48: ✅ chat.js wurde geladen
2025-09-05 12:40:49: ROUTE LOADED: P:\11_Projekte\KI_bot\Backend\ZIP_Ordner\routes\admin-prompt.js
2025-09-05 12:40:49: ✅ Mail-Transport bereit
2025-09-05 12:41:00: [Stripe] key starts sk_? true len: 107 preview: sk_test...SDSz
2025-09-05 12:41:00: ✅ chat.js wurde geladen
2025-09-05 12:41:00: ROUTE LOADED: P:\11_Projekte\KI_bot\Backend\ZIP_Ordner\routes\admin-prompt.js
2025-09-05 12:41:01: ✅ Mail-Transport bereit
2025-09-05 12:41:11: [Stripe] key starts sk_? true len: 107 preview: sk_test...SDSz
2025-09-05 12:41:11: ✅ chat.js wurde geladen
2025-09-05 12:41:12: ROUTE LOADED: P:\11_Projekte\KI_bot\Backend\ZIP_Ordner\routes\admin-prompt.js
2025-09-05 12:41:12: ✅ Mail-Transport bereit
2025-09-05 12:41:23: [Stripe] key starts sk_? true len: 107 preview: sk_test...SDSz
2025-09-05 12:41:23: ✅ chat.js wurde geladen
2025-09-05 12:41:23: ROUTE LOADED: P:\11_Projekte\KI_bot\Backend\ZIP_Ordner\routes\admin-prompt.js
2025-09-05 12:41:24: ✅ Mail-Transport bereit
2025-09-05 12:41:34: [Stripe] key starts sk_? true len: 107 preview: sk_test...SDSz
2025-09-05 12:41:35: ✅ chat.js wurde geladen
2025-09-05 12:41:35: ROUTE LOADED: P:\11_Projekte\KI_bot\Backend\ZIP_Ordner\routes\admin-prompt.js
2025-09-05 12:41:35: ✅ Mail-Transport bereit
2025-09-05 12:41:46: [Stripe] key starts sk_? true len: 107 preview: sk_test...SDSz
2025-09-05 12:41:46: ✅ chat.js wurde geladen
2025-09-05 12:41:47: ROUTE LOADED: P:\11_Projekte\KI_bot\Backend\ZIP_Ordner\routes\admin-prompt.js
2025-09-05 12:41:47: ✅ Mail-Transport bereit
2025-09-05 12:41:58: [Stripe] key starts sk_? true len: 107 preview: sk_test...SDSz
2025-09-05 12:41:58: ✅ chat.js wurde geladen
2025-09-05 12:41:58: ROUTE LOADED: P:\11_Projekte\KI_bot\Backend\ZIP_Ordner\routes\admin-prompt.js
2025-09-05 12:41:59: ✅ Mail-Transport bereit
2025-09-05 12:42:09: [Stripe] key starts sk_? true len: 107 preview: sk_test...SDSz
2025-09-05 12:42:09: ✅ chat.js wurde geladen
2025-09-05 12:42:09: ROUTE LOADED: P:\11_Projekte\KI_bot\Backend\ZIP_Ordner\routes\admin-prompt.js
2025-09-05 12:42:10: ✅ Mail-Transport bereit
2025-09-05 12:42:21: [Stripe] key starts sk_? true len: 107 preview: sk_test...SDSz
2025-09-05 12:42:21: ✅ chat.js wurde geladen
2025-09-05 12:42:21: ROUTE LOADED: P:\11_Projekte\KI_bot\Backend\ZIP_Ordner\routes\admin-prompt.js
2025-09-05 12:42:22: ✅ Mail-Transport bereit
2025-09-05 12:42:33: [Stripe] key starts sk_? true len: 107 preview: sk_test...SDSz
2025-09-05 12:42:33: ✅ chat.js wurde geladen
2025-09-05 12:42:33: ROUTE LOADED: P:\11_Projekte\KI_bot\Backend\ZIP_Ordner\routes\admin-prompt.js
2025-09-05 12:42:34: ✅ Mail-Transport bereit
2025-09-05 12:42:45: [Stripe] key starts sk_? true len: 107 preview: sk_test...SDSz
2025-09-05 12:42:45: ✅ chat.js wurde geladen
2025-09-05 12:42:45: ROUTE LOADED: P:\11_Projekte\KI_bot\Backend\ZIP_Ordner\routes\admin-prompt.js
2025-09-05 12:42:46: ✅ Mail-Transport bereit
2025-09-05 12:42:56: [Stripe] key starts sk_? true len: 107 preview: sk_test...SDSz
2025-09-05 12:42:56: ✅ chat.js wurde geladen
2025-09-05 12:42:57: ROUTE LOADED: P:\11_Projekte\KI_bot\Backend\ZIP_Ordner\routes\admin-prompt.js
2025-09-05 12:42:57: ✅ Mail-Transport bereit
2025-09-05 12:43:08: [Stripe] key starts sk_? true len: 107 preview: sk_test...SDSz
2025-09-05 12:43:08: ✅ chat.js wurde geladen
2025-09-05 12:43:09: ROUTE LOADED: P:\11_Projekte\KI_bot\Backend\ZIP_Ordner\routes\admin-prompt.js
2025-09-05 12:43:09: ✅ Mail-Transport bereit
2025-09-05 12:43:20: [Stripe] key starts sk_? true len: 107 preview: sk_test...SDSz
2025-09-05 12:43:20: ✅ chat.js wurde geladen
2025-09-05 12:43:21: ROUTE LOADED: P:\11_Projekte\KI_bot\Backend\ZIP_Ordner\routes\admin-prompt.js
2025-09-05 12:43:21: ✅ Mail-Transport bereit
2025-09-05 12:43:32: [Stripe] key starts sk_? true len: 107 preview: sk_test...SDSz
2025-09-05 12:43:32: ✅ chat.js wurde geladen
2025-09-05 12:43:32: ROUTE LOADED: P:\11_Projekte\KI_bot\Backend\ZIP_Ordner\routes\admin-prompt.js
2025-09-05 12:43:33: ✅ Mail-Transport bereit
2025-09-05 12:43:44: [Stripe] key starts sk_? true len: 107 preview: sk_test...SDSz
2025-09-05 12:43:44: ✅ chat.js wurde geladen
2025-09-05 12:43:44: ROUTE LOADED: P:\11_Projekte\KI_bot\Backend\ZIP_Ordner\routes\admin-prompt.js
2025-09-05 12:43:45: ✅ Mail-Transport bereit
2025-09-05 12:43:56: [Stripe] key starts sk_? true len: 107 preview: sk_test...SDSz
2025-09-05 12:43:56: ✅ chat.js wurde geladen
2025-09-05 12:43:56: ROUTE LOADED: P:\11_Projekte\KI_bot\Backend\ZIP_Ordner\routes\admin-prompt.js
2025-09-05 12:43:57: ✅ Mail-Transport bereit
2025-09-05 12:44:07: [Stripe] key starts sk_? true len: 107 preview: sk_test...SDSz
2025-09-05 12:44:08: ✅ chat.js wurde geladen
2025-09-05 12:44:08: ROUTE LOADED: P:\11_Projekte\KI_bot\Backend\ZIP_Ordner\routes\admin-prompt.js
2025-09-05 12:44:08: ✅ Mail-Transport bereit
2025-09-05 12:44:19: [Stripe] key starts sk_? true len: 107 preview: sk_test...SDSz
2025-09-05 12:44:19: ✅ chat.js wurde geladen
2025-09-05 12:44:19: ROUTE LOADED: P:\11_Projekte\KI_bot\Backend\ZIP_Ordner\routes\admin-prompt.js
2025-09-05 12:44:20: ✅ Mail-Transport bereit
2025-09-05 12:44:31: [Stripe] key starts sk_? true len: 107 preview: sk_test...SDSz
2025-09-05 12:44:31: ✅ chat.js wurde geladen
2025-09-05 12:44:31: ROUTE LOADED: P:\11_Projekte\KI_bot\Backend\ZIP_Ordner\routes\admin-prompt.js
2025-09-05 12:44:32: ✅ Mail-Transport bereit
2025-09-05 12:44:42: [Stripe] key starts sk_? true len: 107 preview: sk_test...SDSz
2025-09-05 12:44:42: ✅ chat.js wurde geladen
2025-09-05 12:44:43: ROUTE LOADED: P:\11_Projekte\KI_bot\Backend\ZIP_Ordner\routes\admin-prompt.js
2025-09-05 12:44:43: ✅ Mail-Transport bereit
2025-09-05 12:44:54: [Stripe] key starts sk_? true len: 107 preview: sk_test...SDSz
2025-09-05 12:44:54: ✅ chat.js wurde geladen
2025-09-05 12:44:54: ROUTE LOADED: P:\11_Projekte\KI_bot\Backend\ZIP_Ordner\routes\admin-prompt.js
2025-09-05 12:44:55: ✅ Mail-Transport bereit
2025-09-05 12:45:05: [Stripe] key starts sk_? true len: 107 preview: sk_test...SDSz
2025-09-05 12:45:06: ✅ chat.js wurde geladen
2025-09-05 12:45:06: ROUTE LOADED: P:\11_Projekte\KI_bot\Backend\ZIP_Ordner\routes\admin-prompt.js
2025-09-05 12:45:06: ✅ Mail-Transport bereit
2025-09-05 12:45:17: [Stripe] key starts sk_? true len: 107 preview: sk_test...SDSz
2025-09-05 12:45:17: ✅ chat.js wurde geladen
2025-09-05 12:45:18: ROUTE LOADED: P:\11_Projekte\KI_bot\Backend\ZIP_Ordner\routes\admin-prompt.js
2025-09-05 12:45:18: ✅ Mail-Transport bereit
2025-09-05 12:45:29: [Stripe] key starts sk_? true len: 107 preview: sk_test...SDSz
2025-09-05 12:45:29: ✅ chat.js wurde geladen
2025-09-05 12:45:29: ROUTE LOADED: P:\11_Projekte\KI_bot\Backend\ZIP_Ordner\routes\admin-prompt.js
2025-09-05 12:45:30: ✅ Mail-Transport bereit
2025-09-05 12:45:41: [Stripe] key starts sk_? true len: 107 preview: sk_test...SDSz
2025-09-05 12:45:41: ✅ chat.js wurde geladen
2025-09-05 12:45:41: ROUTE LOADED: P:\11_Projekte\KI_bot\Backend\ZIP_Ordner\routes\admin-prompt.js
2025-09-05 12:45:42: ✅ Mail-Transport bereit
2025-09-05 12:45:53: [Stripe] key starts sk_? true len: 107 preview: sk_test...SDSz
2025-09-05 12:45:53: ✅ chat.js wurde geladen
2025-09-05 12:45:53: ROUTE LOADED: P:\11_Projekte\KI_bot\Backend\ZIP_Ordner\routes\admin-prompt.js
2025-09-05 12:45:54: ✅ Mail-Transport bereit
2025-09-05 12:46:04: [Stripe] key starts sk_? true len: 107 preview: sk_test...SDSz
2025-09-05 12:46:04: ✅ chat.js wurde geladen
2025-09-05 12:46:05: ROUTE LOADED: P:\11_Projekte\KI_bot\Backend\ZIP_Ordner\routes\admin-prompt.js
2025-09-05 12:46:05: ✅ Mail-Transport bereit
2025-09-05 12:46:16: [Stripe] key starts sk_? true len: 107 preview: sk_test...SDSz
2025-09-05 12:46:16: ✅ chat.js wurde geladen
2025-09-05 12:46:16: ROUTE LOADED: P:\11_Projekte\KI_bot\Backend\ZIP_Ordner\routes\admin-prompt.js
2025-09-05 12:46:17: ✅ Mail-Transport bereit
2025-09-05 12:46:27: [Stripe] key starts sk_? true len: 107 preview: sk_test...SDSz
2025-09-05 12:46:27: ✅ chat.js wurde geladen
2025-09-05 12:46:28: ROUTE LOADED: P:\11_Projekte\KI_bot\Backend\ZIP_Ordner\routes\admin-prompt.js
2025-09-05 12:46:28: ✅ Mail-Transport bereit
2025-09-05 12:46:39: [Stripe] key starts sk_? true len: 107 preview: sk_test...SDSz
2025-09-05 12:46:39: ✅ chat.js wurde geladen
2025-09-05 12:46:39: ROUTE LOADED: P:\11_Projekte\KI_bot\Backend\ZIP_Ordner\routes\admin-prompt.js
2025-09-05 12:46:40: ✅ Mail-Transport bereit
2025-09-05 12:46:50: [Stripe] key starts sk_? true len: 107 preview: sk_test...SDSz
2025-09-05 12:46:51: ✅ chat.js wurde geladen
2025-09-05 12:46:51: ROUTE LOADED: P:\11_Projekte\KI_bot\Backend\ZIP_Ordner\routes\admin-prompt.js
2025-09-05 12:46:51: ✅ Mail-Transport bereit
2025-09-05 12:47:02: [Stripe] key starts sk_? true len: 107 preview: sk_test...SDSz
2025-09-05 12:47:02: ✅ chat.js wurde geladen
2025-09-05 12:47:02: ROUTE LOADED: P:\11_Projekte\KI_bot\Backend\ZIP_Ordner\routes\admin-prompt.js
2025-09-05 12:47:03: ✅ Mail-Transport bereit
2025-09-05 12:47:13: [Stripe] key starts sk_? true len: 107 preview: sk_test...SDSz
2025-09-05 12:47:14: ✅ chat.js wurde geladen
2025-09-05 12:47:14: ROUTE LOADED: P:\11_Projekte\KI_bot\Backend\ZIP_Ordner\routes\admin-prompt.js
2025-09-05 12:47:14: ✅ Mail-Transport bereit
2025-09-05 12:47:25: [Stripe] key starts sk_? true len: 107 preview: sk_test...SDSz
2025-09-05 12:47:25: ✅ chat.js wurde geladen
2025-09-05 12:47:25: ROUTE LOADED: P:\11_Projekte\KI_bot\Backend\ZIP_Ordner\routes\admin-prompt.js
2025-09-05 12:47:26: ✅ Mail-Transport bereit
2025-09-05 12:47:36: [Stripe] key starts sk_? true len: 107 preview: sk_test...SDSz
2025-09-05 12:47:36: ✅ chat.js wurde geladen
2025-09-05 12:47:37: ROUTE LOADED: P:\11_Projekte\KI_bot\Backend\ZIP_Ordner\routes\admin-prompt.js
2025-09-05 12:47:37: ✅ Mail-Transport bereit
2025-09-05 12:47:48: [Stripe] key starts sk_? true len: 107 preview: sk_test...SDSz
2025-09-05 12:47:48: ✅ chat.js wurde geladen
2025-09-05 12:47:48: ROUTE LOADED: P:\11_Projekte\KI_bot\Backend\ZIP_Ordner\routes\admin-prompt.js
2025-09-05 12:47:49: ✅ Mail-Transport bereit
2025-09-05 12:47:59: [Stripe] key starts sk_? true len: 107 preview: sk_test...SDSz
2025-09-05 12:47:59: ✅ chat.js wurde geladen
2025-09-05 12:48:00: ROUTE LOADED: P:\11_Projekte\KI_bot\Backend\ZIP_Ordner\routes\admin-prompt.js
2025-09-05 12:48:00: ✅ Mail-Transport bereit
2025-09-05 12:48:11: [Stripe] key starts sk_? true len: 107 preview: sk_test...SDSz
2025-09-05 12:48:11: ✅ chat.js wurde geladen
2025-09-05 12:48:11: ROUTE LOADED: P:\11_Projekte\KI_bot\Backend\ZIP_Ordner\routes\admin-prompt.js
2025-09-05 12:48:12: ✅ Mail-Transport bereit
2025-09-05 12:48:22: [Stripe] key starts sk_? true len: 107 preview: sk_test...SDSz
2025-09-05 12:48:22: ✅ chat.js wurde geladen
2025-09-05 12:48:23: ROUTE LOADED: P:\11_Projekte\KI_bot\Backend\ZIP_Ordner\routes\admin-prompt.js
2025-09-05 12:48:23: ✅ Mail-Transport bereit
2025-09-05 12:48:34: [Stripe] key starts sk_? true len: 107 preview: sk_test...SDSz
2025-09-05 12:48:34: ✅ chat.js wurde geladen
2025-09-05 12:48:34: ROUTE LOADED: P:\11_Projekte\KI_bot\Backend\ZIP_Ordner\routes\admin-prompt.js
2025-09-05 12:48:35: ✅ Mail-Transport bereit
2025-09-05 12:48:46: [Stripe] key starts sk_? true len: 107 preview: sk_test...SDSz
2025-09-05 12:48:46: ✅ chat.js wurde geladen
2025-09-05 12:48:46: ROUTE LOADED: P:\11_Projekte\KI_bot\Backend\ZIP_Ordner\routes\admin-prompt.js
2025-09-05 12:48:47: ✅ Mail-Transport bereit
2025-09-05 12:48:57: [Stripe] key starts sk_? true len: 107 preview: sk_test...SDSz
2025-09-05 12:48:57: ✅ chat.js wurde geladen
2025-09-05 12:48:58: ROUTE LOADED: P:\11_Projekte\KI_bot\Backend\ZIP_Ordner\routes\admin-prompt.js
2025-09-05 12:48:58: ✅ Mail-Transport bereit
2025-09-05 12:49:09: [Stripe] key starts sk_? true len: 107 preview: sk_test...SDSz
2025-09-05 12:49:09: ✅ chat.js wurde geladen
2025-09-05 12:49:09: ROUTE LOADED: P:\11_Projekte\KI_bot\Backend\ZIP_Ordner\routes\admin-prompt.js
2025-09-05 12:49:10: ✅ Mail-Transport bereit
2025-09-05 12:49:20: [Stripe] key starts sk_? true len: 107 preview: sk_test...SDSz
2025-09-05 12:49:20: ✅ chat.js wurde geladen
2025-09-05 12:49:21: ROUTE LOADED: P:\11_Projekte\KI_bot\Backend\ZIP_Ordner\routes\admin-prompt.js
2025-09-05 12:49:21: ✅ Mail-Transport bereit
2025-09-05 12:49:32: [Stripe] key starts sk_? true len: 107 preview: sk_test...SDSz
2025-09-05 12:49:32: ✅ chat.js wurde geladen
2025-09-05 12:49:32: ROUTE LOADED: P:\11_Projekte\KI_bot\Backend\ZIP_Ordner\routes\admin-prompt.js
2025-09-05 12:49:33: ✅ Mail-Transport bereit
2025-09-05 12:49:43: [Stripe] key starts sk_? true len: 107 preview: sk_test...SDSz
2025-09-05 12:49:44: ✅ chat.js wurde geladen
2025-09-05 12:49:44: ROUTE LOADED: P:\11_Projekte\KI_bot\Backend\ZIP_Ordner\routes\admin-prompt.js
2025-09-05 12:49:44: ✅ Mail-Transport bereit
2025-09-05 12:49:55: [Stripe] key starts sk_? true len: 107 preview: sk_test...SDSz
2025-09-05 12:49:55: ✅ chat.js wurde geladen
2025-09-05 12:49:56: ROUTE LOADED: P:\11_Projekte\KI_bot\Backend\ZIP_Ordner\routes\admin-prompt.js
2025-09-05 12:49:56: ✅ Mail-Transport bereit
2025-09-05 12:50:07: [Stripe] key starts sk_? true len: 107 preview: sk_test...SDSz
2025-09-05 12:50:07: ✅ chat.js wurde geladen
2025-09-05 12:50:07: ROUTE LOADED: P:\11_Projekte\KI_bot\Backend\ZIP_Ordner\routes\admin-prompt.js
2025-09-05 12:50:08: ✅ Mail-Transport bereit
2025-09-05 12:50:18: [Stripe] key starts sk_? true len: 107 preview: sk_test...SDSz
2025-09-05 12:50:19: ✅ chat.js wurde geladen
2025-09-05 12:50:19: ROUTE LOADED: P:\11_Projekte\KI_bot\Backend\ZIP_Ordner\routes\admin-prompt.js
2025-09-05 12:50:19: ✅ Mail-Transport bereit
2025-09-05 12:50:30: [Stripe] key starts sk_? true len: 107 preview: sk_test...SDSz
2025-09-05 12:50:30: ✅ chat.js wurde geladen
2025-09-05 12:50:31: ROUTE LOADED: P:\11_Projekte\KI_bot\Backend\ZIP_Ordner\routes\admin-prompt.js
2025-09-05 12:50:31: ✅ Mail-Transport bereit
2025-09-05 12:50:42: [Stripe] key starts sk_? true len: 107 preview: sk_test...SDSz
2025-09-05 12:50:42: ✅ chat.js wurde geladen
2025-09-05 12:50:42: ROUTE LOADED: P:\11_Projekte\KI_bot\Backend\ZIP_Ordner\routes\admin-prompt.js
2025-09-05 12:50:43: ✅ Mail-Transport bereit
2025-09-05 12:50:54: [Stripe] key starts sk_? true len: 107 preview: sk_test...SDSz
2025-09-05 12:50:54: ✅ chat.js wurde geladen
2025-09-05 12:50:54: ROUTE LOADED: P:\11_Projekte\KI_bot\Backend\ZIP_Ordner\routes\admin-prompt.js
2025-09-05 12:50:55: ✅ Mail-Transport bereit
2025-09-05 12:51:05: [Stripe] key starts sk_? true len: 107 preview: sk_test...SDSz
2025-09-05 12:51:06: ✅ chat.js wurde geladen
2025-09-05 12:51:06: ROUTE LOADED: P:\11_Projekte\KI_bot\Backend\ZIP_Ordner\routes\admin-prompt.js
2025-09-05 12:51:06: ✅ Mail-Transport bereit
2025-09-05 12:51:17: [Stripe] key starts sk_? true len: 107 preview: sk_test...SDSz
2025-09-05 12:51:17: ✅ chat.js wurde geladen
2025-09-05 12:51:18: ROUTE LOADED: P:\11_Projekte\KI_bot\Backend\ZIP_Ordner\routes\admin-prompt.js
2025-09-05 12:51:18: ✅ Mail-Transport bereit
2025-09-05 12:51:29: [Stripe] key starts sk_? true len: 107 preview: sk_test...SDSz
2025-09-05 12:51:29: ✅ chat.js wurde geladen
2025-09-05 12:51:30: ROUTE LOADED: P:\11_Projekte\KI_bot\Backend\ZIP_Ordner\routes\admin-prompt.js
2025-09-05 12:51:30: ✅ Mail-Transport bereit
2025-09-05 12:51:41: [Stripe] key starts sk_? true len: 107 preview: sk_test...SDSz
2025-09-05 12:51:41: ✅ chat.js wurde geladen
2025-09-05 12:51:41: ROUTE LOADED: P:\11_Projekte\KI_bot\Backend\ZIP_Ordner\routes\admin-prompt.js
2025-09-05 12:51:42: ✅ Mail-Transport bereit
2025-09-05 12:51:52: [Stripe] key starts sk_? true len: 107 preview: sk_test...SDSz
2025-09-05 12:51:52: ✅ chat.js wurde geladen
2025-09-05 12:51:53: ROUTE LOADED: P:\11_Projekte\KI_bot\Backend\ZIP_Ordner\routes\admin-prompt.js
2025-09-05 12:51:53: ✅ Mail-Transport bereit
2025-09-05 12:52:04: [Stripe] key starts sk_? true len: 107 preview: sk_test...SDSz
2025-09-05 12:52:04: ✅ chat.js wurde geladen
2025-09-05 12:52:04: ROUTE LOADED: P:\11_Projekte\KI_bot\Backend\ZIP_Ordner\routes\admin-prompt.js
2025-09-05 12:52:05: ✅ Mail-Transport bereit
2025-09-05 12:52:15: [Stripe] key starts sk_? true len: 107 preview: sk_test...SDSz
2025-09-05 12:52:15: ✅ chat.js wurde geladen
2025-09-05 12:52:16: ROUTE LOADED: P:\11_Projekte\KI_bot\Backend\ZIP_Ordner\routes\admin-prompt.js
2025-09-05 12:52:16: ✅ Mail-Transport bereit
2025-09-05 12:52:27: [Stripe] key starts sk_? true len: 107 preview: sk_test...SDSz
2025-09-05 12:52:27: ✅ chat.js wurde geladen
2025-09-05 12:52:27: ROUTE LOADED: P:\11_Projekte\KI_bot\Backend\ZIP_Ordner\routes\admin-prompt.js
2025-09-05 12:52:28: ✅ Mail-Transport bereit
2025-09-05 12:52:39: [Stripe] key starts sk_? true len: 107 preview: sk_test...SDSz
2025-09-05 12:52:39: ✅ chat.js wurde geladen
2025-09-05 12:52:39: ROUTE LOADED: P:\11_Projekte\KI_bot\Backend\ZIP_Ordner\routes\admin-prompt.js
2025-09-05 12:52:40: ✅ Mail-Transport bereit
2025-09-05 12:52:50: [Stripe] key starts sk_? true len: 107 preview: sk_test...SDSz
2025-09-05 12:52:50: ✅ chat.js wurde geladen
2025-09-05 12:52:51: ROUTE LOADED: P:\11_Projekte\KI_bot\Backend\ZIP_Ordner\routes\admin-prompt.js
2025-09-05 12:52:51: ✅ Mail-Transport bereit
2025-09-05 12:53:02: [Stripe] key starts sk_? true len: 107 preview: sk_test...SDSz
2025-09-05 12:53:02: ✅ chat.js wurde geladen
2025-09-05 12:53:02: ROUTE LOADED: P:\11_Projekte\KI_bot\Backend\ZIP_Ordner\routes\admin-prompt.js
2025-09-05 12:53:03: ✅ Mail-Transport bereit
2025-09-05 12:53:13: [Stripe] key starts sk_? true len: 107 preview: sk_test...SDSz
2025-09-05 12:53:13: ✅ chat.js wurde geladen
2025-09-05 12:53:14: ROUTE LOADED: P:\11_Projekte\KI_bot\Backend\ZIP_Ordner\routes\admin-prompt.js
2025-09-05 12:53:14: ✅ Mail-Transport bereit
2025-09-05 12:53:25: [Stripe] key starts sk_? true len: 107 preview: sk_test...SDSz
2025-09-05 12:53:25: ✅ chat.js wurde geladen
2025-09-05 12:53:25: ROUTE LOADED: P:\11_Projekte\KI_bot\Backend\ZIP_Ordner\routes\admin-prompt.js
2025-09-05 12:53:26: ✅ Mail-Transport bereit
2025-09-05 12:53:37: [Stripe] key starts sk_? true len: 107 preview: sk_test...SDSz
2025-09-05 12:53:37: ✅ chat.js wurde geladen
2025-09-05 12:53:37: ROUTE LOADED: P:\11_Projekte\KI_bot\Backend\ZIP_Ordner\routes\admin-prompt.js
2025-09-05 12:53:38: ✅ Mail-Transport bereit
2025-09-05 12:53:48: [Stripe] key starts sk_? true len: 107 preview: sk_test...SDSz
2025-09-05 12:53:48: ✅ chat.js wurde geladen
2025-09-05 12:53:49: ROUTE LOADED: P:\11_Projekte\KI_bot\Backend\ZIP_Ordner\routes\admin-prompt.js
2025-09-05 12:53:49: ✅ Mail-Transport bereit
2025-09-05 12:54:00: [Stripe] key starts sk_? true len: 107 preview: sk_test...SDSz
2025-09-05 12:54:00: ✅ chat.js wurde geladen
2025-09-05 12:54:01: ROUTE LOADED: P:\11_Projekte\KI_bot\Backend\ZIP_Ordner\routes\admin-prompt.js
2025-09-05 12:54:01: ✅ Mail-Transport bereit
2025-09-05 12:54:12: [Stripe] key starts sk_? true len: 107 preview: sk_test...SDSz
2025-09-05 12:54:12: ✅ chat.js wurde geladen
2025-09-05 12:54:13: ROUTE LOADED: P:\11_Projekte\KI_bot\Backend\ZIP_Ordner\routes\admin-prompt.js
2025-09-05 12:54:13: ✅ Mail-Transport bereit
2025-09-05 12:54:24: [Stripe] key starts sk_? true len: 107 preview: sk_test...SDSz
2025-09-05 12:54:24: ✅ chat.js wurde geladen
2025-09-05 12:54:25: ROUTE LOADED: P:\11_Projekte\KI_bot\Backend\ZIP_Ordner\routes\admin-prompt.js
2025-09-05 12:54:25: ✅ Mail-Transport bereit
2025-09-05 12:54:36: [Stripe] key starts sk_? true len: 107 preview: sk_test...SDSz
2025-09-05 12:54:36: ✅ chat.js wurde geladen
2025-09-05 12:54:36: ROUTE LOADED: P:\11_Projekte\KI_bot\Backend\ZIP_Ordner\routes\admin-prompt.js
2025-09-05 12:54:37: ✅ Mail-Transport bereit
2025-09-05 12:54:48: [Stripe] key starts sk_? true len: 107 preview: sk_test...SDSz
2025-09-05 12:54:48: ✅ chat.js wurde geladen
2025-09-05 12:54:48: ROUTE LOADED: P:\11_Projekte\KI_bot\Backend\ZIP_Ordner\routes\admin-prompt.js
2025-09-05 12:54:49: ✅ Mail-Transport bereit
2025-09-05 12:55:00: [Stripe] key starts sk_? true len: 107 preview: sk_test...SDSz
2025-09-05 12:55:00: ✅ chat.js wurde geladen
2025-09-05 12:55:00: ROUTE LOADED: P:\11_Projekte\KI_bot\Backend\ZIP_Ordner\routes\admin-prompt.js
2025-09-05 12:55:01: ✅ Mail-Transport bereit
2025-09-05 12:55:12: [Stripe] key starts sk_? true len: 107 preview: sk_test...SDSz
2025-09-05 12:55:12: ✅ chat.js wurde geladen
2025-09-05 12:55:12: ROUTE LOADED: P:\11_Projekte\KI_bot\Backend\ZIP_Ordner\routes\admin-prompt.js
2025-09-05 12:55:13: ✅ Mail-Transport bereit
2025-09-05 12:55:23: [Stripe] key starts sk_? true len: 107 preview: sk_test...SDSz
2025-09-05 12:55:23: ✅ chat.js wurde geladen
2025-09-05 12:55:24: ROUTE LOADED: P:\11_Projekte\KI_bot\Backend\ZIP_Ordner\routes\admin-prompt.js
2025-09-05 12:55:24: ✅ Mail-Transport bereit
2025-09-05 12:55:35: [Stripe] key starts sk_? true len: 107 preview: sk_test...SDSz
2025-09-05 12:55:35: ✅ chat.js wurde geladen
2025-09-05 12:55:35: ROUTE LOADED: P:\11_Projekte\KI_bot\Backend\ZIP_Ordner\routes\admin-prompt.js
2025-09-05 12:55:36: ✅ Mail-Transport bereit
2025-09-05 12:55:47: [Stripe] key starts sk_? true len: 107 preview: sk_test...SDSz
2025-09-05 12:55:47: ✅ chat.js wurde geladen
2025-09-05 12:55:47: ROUTE LOADED: P:\11_Projekte\KI_bot\Backend\ZIP_Ordner\routes\admin-prompt.js
2025-09-05 12:55:48: ✅ Mail-Transport bereit
2025-09-05 12:55:59: [Stripe] key starts sk_? true len: 107 preview: sk_test...SDSz
2025-09-05 12:55:59: ✅ chat.js wurde geladen
2025-09-05 12:55:59: ROUTE LOADED: P:\11_Projekte\KI_bot\Backend\ZIP_Ordner\routes\admin-prompt.js
2025-09-05 12:56:00: ✅ Mail-Transport bereit
2025-09-05 12:56:11: [Stripe] key starts sk_? true len: 107 preview: sk_test...SDSz
2025-09-05 12:56:11: ✅ chat.js wurde geladen
2025-09-05 12:56:11: ROUTE LOADED: P:\11_Projekte\KI_bot\Backend\ZIP_Ordner\routes\admin-prompt.js
2025-09-05 12:56:12: ✅ Mail-Transport bereit
2025-09-05 12:56:23: [Stripe] key starts sk_? true len: 107 preview: sk_test...SDSz
2025-09-05 12:56:23: ✅ chat.js wurde geladen
2025-09-05 12:56:23: ROUTE LOADED: P:\11_Projekte\KI_bot\Backend\ZIP_Ordner\routes\admin-prompt.js
2025-09-05 12:56:24: ✅ Mail-Transport bereit
2025-09-05 12:56:34: [Stripe] key starts sk_? true len: 107 preview: sk_test...SDSz
2025-09-05 12:56:34: ✅ chat.js wurde geladen
2025-09-05 12:56:35: ROUTE LOADED: P:\11_Projekte\KI_bot\Backend\ZIP_Ordner\routes\admin-prompt.js
2025-09-05 12:56:35: ✅ Mail-Transport bereit
2025-09-05 12:56:46: [Stripe] key starts sk_? true len: 107 preview: sk_test...SDSz
2025-09-05 12:56:46: ✅ chat.js wurde geladen
2025-09-05 12:56:47: ROUTE LOADED: P:\11_Projekte\KI_bot\Backend\ZIP_Ordner\routes\admin-prompt.js
2025-09-05 12:56:47: ✅ Mail-Transport bereit
2025-09-05 12:56:58: [Stripe] key starts sk_? true len: 107 preview: sk_test...SDSz
2025-09-05 12:56:58: ✅ chat.js wurde geladen
2025-09-05 12:56:58: ROUTE LOADED: P:\11_Projekte\KI_bot\Backend\ZIP_Ordner\routes\admin-prompt.js
2025-09-05 12:56:59: ✅ Mail-Transport bereit
2025-09-05 12:57:10: [Stripe] key starts sk_? true len: 107 preview: sk_test...SDSz
2025-09-05 12:57:10: ✅ chat.js wurde geladen
2025-09-05 12:57:10: ROUTE LOADED: P:\11_Projekte\KI_bot\Backend\ZIP_Ordner\routes\admin-prompt.js
2025-09-05 12:57:11: ✅ Mail-Transport bereit
2025-09-05 12:57:21: [Stripe] key starts sk_? true len: 107 preview: sk_test...SDSz
2025-09-05 12:57:21: ✅ chat.js wurde geladen
2025-09-05 12:57:22: ROUTE LOADED: P:\11_Projekte\KI_bot\Backend\ZIP_Ordner\routes\admin-prompt.js
2025-09-05 12:57:22: ✅ Mail-Transport bereit
2025-09-05 12:57:33: [Stripe] key starts sk_? true len: 107 preview: sk_test...SDSz
2025-09-05 12:57:33: ✅ chat.js wurde geladen
2025-09-05 12:57:33: ROUTE LOADED: P:\11_Projekte\KI_bot\Backend\ZIP_Ordner\routes\admin-prompt.js
2025-09-05 12:57:34: ✅ Mail-Transport bereit
2025-09-05 12:57:44: [Stripe] key starts sk_? true len: 107 preview: sk_test...SDSz
2025-09-05 12:57:44: ✅ chat.js wurde geladen
2025-09-05 12:57:44: ROUTE LOADED: P:\11_Projekte\KI_bot\Backend\ZIP_Ordner\routes\admin-prompt.js
2025-09-05 12:57:45: ✅ Mail-Transport bereit
2025-09-05 12:57:56: [Stripe] key starts sk_? true len: 107 preview: sk_test...SDSz
2025-09-05 12:57:56: ✅ chat.js wurde geladen
2025-09-05 12:57:56: ROUTE LOADED: P:\11_Projekte\KI_bot\Backend\ZIP_Ordner\routes\admin-prompt.js
2025-09-05 12:57:57: ✅ Mail-Transport bereit
2025-09-05 12:58:07: [Stripe] key starts sk_? true len: 107 preview: sk_test...SDSz
2025-09-05 12:58:07: ✅ chat.js wurde geladen
2025-09-05 12:58:08: ROUTE LOADED: P:\11_Projekte\KI_bot\Backend\ZIP_Ordner\routes\admin-prompt.js
2025-09-05 12:58:08: ✅ Mail-Transport bereit
2025-09-05 12:58:19: [Stripe] key starts sk_? true len: 107 preview: sk_test...SDSz
2025-09-05 12:58:19: ✅ chat.js wurde geladen
2025-09-05 12:58:19: ROUTE LOADED: P:\11_Projekte\KI_bot\Backend\ZIP_Ordner\routes\admin-prompt.js
2025-09-05 12:58:20: ✅ Mail-Transport bereit
2025-09-05 12:58:30: [Stripe] key starts sk_? true len: 107 preview: sk_test...SDSz
2025-09-05 12:58:30: ✅ chat.js wurde geladen
2025-09-05 12:58:31: ROUTE LOADED: P:\11_Projekte\KI_bot\Backend\ZIP_Ordner\routes\admin-prompt.js
2025-09-05 12:58:31: ✅ Mail-Transport bereit
2025-09-05 12:58:42: [Stripe] key starts sk_? true len: 107 preview: sk_test...SDSz
2025-09-05 12:58:42: ✅ chat.js wurde geladen
2025-09-05 12:58:42: ROUTE LOADED: P:\11_Projekte\KI_bot\Backend\ZIP_Ordner\routes\admin-prompt.js
2025-09-05 12:58:43: ✅ Mail-Transport bereit
2025-09-05 12:58:53: [Stripe] key starts sk_? true len: 107 preview: sk_test...SDSz
2025-09-05 12:58:53: ✅ chat.js wurde geladen
2025-09-05 12:58:54: ROUTE LOADED: P:\11_Projekte\KI_bot\Backend\ZIP_Ordner\routes\admin-prompt.js
2025-09-05 12:58:54: ✅ Mail-Transport bereit
2025-09-05 12:59:05: [Stripe] key starts sk_? true len: 107 preview: sk_test...SDSz
2025-09-05 12:59:05: ✅ chat.js wurde geladen
2025-09-05 12:59:05: ROUTE LOADED: P:\11_Projekte\KI_bot\Backend\ZIP_Ordner\routes\admin-prompt.js
2025-09-05 12:59:06: ✅ Mail-Transport bereit
2025-09-05 12:59:17: [Stripe] key starts sk_? true len: 107 preview: sk_test...SDSz
2025-09-05 12:59:17: ✅ chat.js wurde geladen
2025-09-05 12:59:17: ROUTE LOADED: P:\11_Projekte\KI_bot\Backend\ZIP_Ordner\routes\admin-prompt.js
2025-09-05 12:59:18: ✅ Mail-Transport bereit
2025-09-05 12:59:28: [Stripe] key starts sk_? true len: 107 preview: sk_test...SDSz
2025-09-05 12:59:28: ✅ chat.js wurde geladen
2025-09-05 12:59:29: ROUTE LOADED: P:\11_Projekte\KI_bot\Backend\ZIP_Ordner\routes\admin-prompt.js
2025-09-05 12:59:29: ✅ Mail-Transport bereit
2025-09-05 12:59:40: [Stripe] key starts sk_? true len: 107 preview: sk_test...SDSz
2025-09-05 12:59:40: ✅ chat.js wurde geladen
2025-09-05 12:59:40: ROUTE LOADED: P:\11_Projekte\KI_bot\Backend\ZIP_Ordner\routes\admin-prompt.js
2025-09-05 12:59:41: ✅ Mail-Transport bereit
2025-09-05 12:59:52: [Stripe] key starts sk_? true len: 107 preview: sk_test...SDSz
2025-09-05 12:59:52: ✅ chat.js wurde geladen
2025-09-05 12:59:52: ROUTE LOADED: P:\11_Projekte\KI_bot\Backend\ZIP_Ordner\routes\admin-prompt.js
2025-09-05 12:59:53: ✅ Mail-Transport bereit
2025-09-05 13:00:03: [Stripe] key starts sk_? true len: 107 preview: sk_test...SDSz
2025-09-05 13:00:03: ✅ chat.js wurde geladen
2025-09-05 13:00:04: ROUTE LOADED: P:\11_Projekte\KI_bot\Backend\ZIP_Ordner\routes\admin-prompt.js
2025-09-05 13:00:04: ✅ Mail-Transport bereit
2025-09-05 13:00:15: [Stripe] key starts sk_? true len: 107 preview: sk_test...SDSz
2025-09-05 13:00:15: ✅ chat.js wurde geladen
2025-09-05 13:00:15: ROUTE LOADED: P:\11_Projekte\KI_bot\Backend\ZIP_Ordner\routes\admin-prompt.js
2025-09-05 13:00:16: ✅ Mail-Transport bereit
2025-09-05 13:00:27: [Stripe] key starts sk_? true len: 107 preview: sk_test...SDSz
2025-09-05 13:00:27: ✅ chat.js wurde geladen
2025-09-05 13:00:27: ROUTE LOADED: P:\11_Projekte\KI_bot\Backend\ZIP_Ordner\routes\admin-prompt.js
2025-09-05 13:00:28: ✅ Mail-Transport bereit
2025-09-05 13:00:39: [Stripe] key starts sk_? true len: 107 preview: sk_test...SDSz
2025-09-05 13:00:39: ✅ chat.js wurde geladen
2025-09-05 13:00:39: ROUTE LOADED: P:\11_Projekte\KI_bot\Backend\ZIP_Ordner\routes\admin-prompt.js
2025-09-05 13:00:40: ✅ Mail-Transport bereit
2025-09-05 13:00:51: [Stripe] key starts sk_? true len: 107 preview: sk_test...SDSz
2025-09-05 13:00:51: ✅ chat.js wurde geladen
2025-09-05 13:00:51: ROUTE LOADED: P:\11_Projekte\KI_bot\Backend\ZIP_Ordner\routes\admin-prompt.js
2025-09-05 13:00:52: ✅ Mail-Transport bereit
2025-09-05 13:01:03: [Stripe] key starts sk_? true len: 107 preview: sk_test...SDSz
2025-09-05 13:01:03: ✅ chat.js wurde geladen
2025-09-05 13:01:03: ROUTE LOADED: P:\11_Projekte\KI_bot\Backend\ZIP_Ordner\routes\admin-prompt.js
2025-09-05 13:01:04: ✅ Mail-Transport bereit
2025-09-05 13:01:14: [Stripe] key starts sk_? true len: 107 preview: sk_test...SDSz
2025-09-05 13:01:14: ✅ chat.js wurde geladen
2025-09-05 13:01:15: ROUTE LOADED: P:\11_Projekte\KI_bot\Backend\ZIP_Ordner\routes\admin-prompt.js
2025-09-05 13:01:15: ✅ Mail-Transport bereit
2025-09-05 13:01:26: [Stripe] key starts sk_? true len: 107 preview: sk_test...SDSz
2025-09-05 13:01:26: ✅ chat.js wurde geladen
2025-09-05 13:01:26: ROUTE LOADED: P:\11_Projekte\KI_bot\Backend\ZIP_Ordner\routes\admin-prompt.js
2025-09-05 13:01:27: ✅ Mail-Transport bereit
2025-09-05 13:01:37: [Stripe] key starts sk_? true len: 107 preview: sk_test...SDSz
2025-09-05 13:01:37: ✅ chat.js wurde geladen
2025-09-05 13:01:38: ROUTE LOADED: P:\11_Projekte\KI_bot\Backend\ZIP_Ordner\routes\admin-prompt.js
2025-09-05 13:01:38: ✅ Mail-Transport bereit
2025-09-05 13:01:49: [Stripe] key starts sk_? true len: 107 preview: sk_test...SDSz
2025-09-05 13:01:49: ✅ chat.js wurde geladen
2025-09-05 13:01:49: ROUTE LOADED: P:\11_Projekte\KI_bot\Backend\ZIP_Ordner\routes\admin-prompt.js
2025-09-05 13:01:50: ✅ Mail-Transport bereit
2025-09-05 13:02:00: [Stripe] key starts sk_? true len: 107 preview: sk_test...SDSz
2025-09-05 13:02:00: ✅ chat.js wurde geladen
2025-09-05 13:02:01: ROUTE LOADED: P:\11_Projekte\KI_bot\Backend\ZIP_Ordner\routes\admin-prompt.js
2025-09-05 13:02:01: ✅ Mail-Transport bereit
2025-09-05 13:02:12: [Stripe] key starts sk_? true len: 107 preview: sk_test...SDSz
2025-09-05 13:02:12: ✅ chat.js wurde geladen
2025-09-05 13:02:12: ROUTE LOADED: P:\11_Projekte\KI_bot\Backend\ZIP_Ordner\routes\admin-prompt.js
2025-09-05 13:02:13: ✅ Mail-Transport bereit
2025-09-05 13:02:23: [Stripe] key starts sk_? true len: 107 preview: sk_test...SDSz
2025-09-05 13:02:23: ✅ chat.js wurde geladen
2025-09-05 13:02:24: ROUTE LOADED: P:\11_Projekte\KI_bot\Backend\ZIP_Ordner\routes\admin-prompt.js
2025-09-05 13:02:24: ✅ Mail-Transport bereit
2025-09-05 13:02:35: [Stripe] key starts sk_? true len: 107 preview: sk_test...SDSz
2025-09-05 13:02:35: ✅ chat.js wurde geladen
2025-09-05 13:02:35: ROUTE LOADED: P:\11_Projekte\KI_bot\Backend\ZIP_Ordner\routes\admin-prompt.js
2025-09-05 13:02:36: ✅ Mail-Transport bereit
2025-09-05 13:02:47: [Stripe] key starts sk_? true len: 107 preview: sk_test...SDSz
2025-09-05 13:02:47: ✅ chat.js wurde geladen
2025-09-05 13:02:47: ROUTE LOADED: P:\11_Projekte\KI_bot\Backend\ZIP_Ordner\routes\admin-prompt.js
2025-09-05 13:02:47: ✅ Mail-Transport bereit
2025-09-05 13:02:58: [Stripe] key starts sk_? true len: 107 preview: sk_test...SDSz
2025-09-05 13:02:58: ✅ chat.js wurde geladen
2025-09-05 13:02:59: ROUTE LOADED: P:\11_Projekte\KI_bot\Backend\ZIP_Ordner\routes\admin-prompt.js
2025-09-05 13:02:59: ✅ Mail-Transport bereit
2025-09-05 13:03:10: [Stripe] key starts sk_? true len: 107 preview: sk_test...SDSz
2025-09-05 13:03:10: ✅ chat.js wurde geladen
2025-09-05 13:03:10: ROUTE LOADED: P:\11_Projekte\KI_bot\Backend\ZIP_Ordner\routes\admin-prompt.js
2025-09-05 13:03:11: ✅ Mail-Transport bereit
2025-09-05 13:03:21: [Stripe] key starts sk_? true len: 107 preview: sk_test...SDSz
2025-09-05 13:03:21: ✅ chat.js wurde geladen
2025-09-05 13:03:22: ROUTE LOADED: P:\11_Projekte\KI_bot\Backend\ZIP_Ordner\routes\admin-prompt.js
2025-09-05 13:03:22: ✅ Mail-Transport bereit
2025-09-05 13:03:33: [Stripe] key starts sk_? true len: 107 preview: sk_test...SDSz
2025-09-05 13:03:33: ✅ chat.js wurde geladen
2025-09-05 13:03:33: ROUTE LOADED: P:\11_Projekte\KI_bot\Backend\ZIP_Ordner\routes\admin-prompt.js
2025-09-05 13:03:34: ✅ Mail-Transport bereit
2025-09-05 13:03:44: [Stripe] key starts sk_? true len: 107 preview: sk_test...SDSz
2025-09-05 13:03:44: ✅ chat.js wurde geladen
2025-09-05 13:03:45: ROUTE LOADED: P:\11_Projekte\KI_bot\Backend\ZIP_Ordner\routes\admin-prompt.js
2025-09-05 13:03:45: ✅ Mail-Transport bereit
2025-09-05 13:03:56: [Stripe] key starts sk_? true len: 107 preview: sk_test...SDSz
2025-09-05 13:03:56: ✅ chat.js wurde geladen
2025-09-05 13:03:56: ROUTE LOADED: P:\11_Projekte\KI_bot\Backend\ZIP_Ordner\routes\admin-prompt.js
2025-09-05 13:03:57: ✅ Mail-Transport bereit
2025-09-05 13:04:07: [Stripe] key starts sk_? true len: 107 preview: sk_test...SDSz
2025-09-05 13:04:07: ✅ chat.js wurde geladen
2025-09-05 13:04:07: ROUTE LOADED: P:\11_Projekte\KI_bot\Backend\ZIP_Ordner\routes\admin-prompt.js
2025-09-05 13:04:08: ✅ Mail-Transport bereit
2025-09-05 13:04:19: [Stripe] key starts sk_? true len: 107 preview: sk_test...SDSz
2025-09-05 13:04:19: ✅ chat.js wurde geladen
2025-09-05 13:04:19: ROUTE LOADED: P:\11_Projekte\KI_bot\Backend\ZIP_Ordner\routes\admin-prompt.js
2025-09-05 13:04:20: ✅ Mail-Transport bereit
2025-09-05 13:04:30: [Stripe] key starts sk_? true len: 107 preview: sk_test...SDSz
2025-09-05 13:04:30: ✅ chat.js wurde geladen
2025-09-05 13:04:31: ROUTE LOADED: P:\11_Projekte\KI_bot\Backend\ZIP_Ordner\routes\admin-prompt.js
2025-09-05 13:04:31: ✅ Mail-Transport bereit
2025-09-05 13:04:42: [Stripe] key starts sk_? true len: 107 preview: sk_test...SDSz
2025-09-05 13:04:42: ✅ chat.js wurde geladen
2025-09-05 13:04:42: ROUTE LOADED: P:\11_Projekte\KI_bot\Backend\ZIP_Ordner\routes\admin-prompt.js
2025-09-05 13:04:43: ✅ Mail-Transport bereit
2025-09-05 13:04:54: [Stripe] key starts sk_? true len: 107 preview: sk_test...SDSz
2025-09-05 13:04:54: ✅ chat.js wurde geladen
2025-09-05 13:04:54: ROUTE LOADED: P:\11_Projekte\KI_bot\Backend\ZIP_Ordner\routes\admin-prompt.js
2025-09-05 13:04:55: ✅ Mail-Transport bereit
2025-09-05 13:05:06: [Stripe] key starts sk_? true len: 107 preview: sk_test...SDSz
2025-09-05 13:05:06: ✅ chat.js wurde geladen
2025-09-05 13:05:06: ROUTE LOADED: P:\11_Projekte\KI_bot\Backend\ZIP_Ordner\routes\admin-prompt.js
2025-09-05 13:05:07: ✅ Mail-Transport bereit
2025-09-05 13:05:18: [Stripe] key starts sk_? true len: 107 preview: sk_test...SDSz
2025-09-05 13:05:18: ✅ chat.js wurde geladen
2025-09-05 13:05:18: ROUTE LOADED: P:\11_Projekte\KI_bot\Backend\ZIP_Ordner\routes\admin-prompt.js
2025-09-05 13:05:19: ✅ Mail-Transport bereit
2025-09-05 13:05:30: [Stripe] key starts sk_? true len: 107 preview: sk_test...SDSz
2025-09-05 13:05:30: ✅ chat.js wurde geladen
2025-09-05 13:05:30: ROUTE LOADED: P:\11_Projekte\KI_bot\Backend\ZIP_Ordner\routes\admin-prompt.js
2025-09-05 13:05:31: ✅ Mail-Transport bereit
2025-09-05 13:05:41: [Stripe] key starts sk_? true len: 107 preview: sk_test...SDSz
2025-09-05 13:05:42: ✅ chat.js wurde geladen
2025-09-05 13:05:42: ROUTE LOADED: P:\11_Projekte\KI_bot\Backend\ZIP_Ordner\routes\admin-prompt.js
2025-09-05 13:05:42: ✅ Mail-Transport bereit
2025-09-05 13:05:53: [Stripe] key starts sk_? true len: 107 preview: sk_test...SDSz
2025-09-05 13:05:53: ✅ chat.js wurde geladen
2025-09-05 13:05:53: ROUTE LOADED: P:\11_Projekte\KI_bot\Backend\ZIP_Ordner\routes\admin-prompt.js
2025-09-05 13:05:54: ✅ Mail-Transport bereit
2025-09-05 13:06:04: [Stripe] key starts sk_? true len: 107 preview: sk_test...SDSz
2025-09-05 13:06:04: ✅ chat.js wurde geladen
2025-09-05 13:06:05: ROUTE LOADED: P:\11_Projekte\KI_bot\Backend\ZIP_Ordner\routes\admin-prompt.js
2025-09-05 13:06:05: ✅ Mail-Transport bereit
2025-09-05 13:06:16: [Stripe] key starts sk_? true len: 107 preview: sk_test...SDSz
2025-09-05 13:06:16: ✅ chat.js wurde geladen
2025-09-05 13:06:16: ROUTE LOADED: P:\11_Projekte\KI_bot\Backend\ZIP_Ordner\routes\admin-prompt.js
2025-09-05 13:06:17: ✅ Mail-Transport bereit
2025-09-05 13:06:28: [Stripe] key starts sk_? true len: 107 preview: sk_test...SDSz
2025-09-05 13:06:28: ✅ chat.js wurde geladen
2025-09-05 13:06:28: ROUTE LOADED: P:\11_Projekte\KI_bot\Backend\ZIP_Ordner\routes\admin-prompt.js
2025-09-05 13:06:29: ✅ Mail-Transport bereit
2025-09-05 13:06:39: [Stripe] key starts sk_? true len: 107 preview: sk_test...SDSz
2025-09-05 13:06:39: ✅ chat.js wurde geladen
2025-09-05 13:06:40: ROUTE LOADED: P:\11_Projekte\KI_bot\Backend\ZIP_Ordner\routes\admin-prompt.js
2025-09-05 13:06:40: ✅ Mail-Transport bereit
2025-09-05 13:06:51: [Stripe] key starts sk_? true len: 107 preview: sk_test...SDSz
2025-09-05 13:06:51: ✅ chat.js wurde geladen
2025-09-05 13:06:51: ROUTE LOADED: P:\11_Projekte\KI_bot\Backend\ZIP_Ordner\routes\admin-prompt.js
2025-09-05 13:06:52: ✅ Mail-Transport bereit
2025-09-05 13:07:03: [Stripe] key starts sk_? true len: 107 preview: sk_test...SDSz
2025-09-05 13:07:03: ✅ chat.js wurde geladen
2025-09-05 13:07:03: ROUTE LOADED: P:\11_Projekte\KI_bot\Backend\ZIP_Ordner\routes\admin-prompt.js
2025-09-05 13:07:04: ✅ Mail-Transport bereit
2025-09-05 13:07:14: [Stripe] key starts sk_? true len: 107 preview: sk_test...SDSz
2025-09-05 13:07:14: ✅ chat.js wurde geladen
2025-09-05 13:07:15: ROUTE LOADED: P:\11_Projekte\KI_bot\Backend\ZIP_Ordner\routes\admin-prompt.js
2025-09-05 13:07:15: ✅ Mail-Transport bereit
2025-09-05 13:07:26: [Stripe] key starts sk_? true len: 107 preview: sk_test...SDSz
2025-09-05 13:07:26: ✅ chat.js wurde geladen
2025-09-05 13:07:26: ROUTE LOADED: P:\11_Projekte\KI_bot\Backend\ZIP_Ordner\routes\admin-prompt.js
2025-09-05 13:07:27: ✅ Mail-Transport bereit
2025-09-05 13:07:38: [Stripe] key starts sk_? true len: 107 preview: sk_test...SDSz
2025-09-05 13:07:38: ✅ chat.js wurde geladen
2025-09-05 13:07:38: ROUTE LOADED: P:\11_Projekte\KI_bot\Backend\ZIP_Ordner\routes\admin-prompt.js
2025-09-05 13:07:39: ✅ Mail-Transport bereit
2025-09-05 13:07:49: [Stripe] key starts sk_? true len: 107 preview: sk_test...SDSz
2025-09-05 13:07:49: ✅ chat.js wurde geladen
2025-09-05 13:07:50: ROUTE LOADED: P:\11_Projekte\KI_bot\Backend\ZIP_Ordner\routes\admin-prompt.js
2025-09-05 13:07:50: ✅ Mail-Transport bereit
2025-09-05 13:08:01: [Stripe] key starts sk_? true len: 107 preview: sk_test...SDSz
2025-09-05 13:08:01: ✅ chat.js wurde geladen
2025-09-05 13:08:02: ROUTE LOADED: P:\11_Projekte\KI_bot\Backend\ZIP_Ordner\routes\admin-prompt.js
2025-09-05 13:08:02: ✅ Mail-Transport bereit
2025-09-05 13:08:13: [Stripe] key starts sk_? true len: 107 preview: sk_test...SDSz
2025-09-05 13:08:13: ✅ chat.js wurde geladen
2025-09-05 13:08:13: ROUTE LOADED: P:\11_Projekte\KI_bot\Backend\ZIP_Ordner\routes\admin-prompt.js
2025-09-05 13:08:14: ✅ Mail-Transport bereit
2025-09-05 13:08:24: [Stripe] key starts sk_? true len: 107 preview: sk_test...SDSz
2025-09-05 13:08:24: ✅ chat.js wurde geladen
2025-09-05 13:08:25: ROUTE LOADED: P:\11_Projekte\KI_bot\Backend\ZIP_Ordner\routes\admin-prompt.js
2025-09-05 13:08:25: ✅ Mail-Transport bereit
2025-09-05 13:08:36: [Stripe] key starts sk_? true len: 107 preview: sk_test...SDSz
2025-09-05 13:08:36: ✅ chat.js wurde geladen
2025-09-05 13:08:37: ROUTE LOADED: P:\11_Projekte\KI_bot\Backend\ZIP_Ordner\routes\admin-prompt.js
2025-09-05 13:08:37: ✅ Mail-Transport bereit
2025-09-05 13:08:48: [Stripe] key starts sk_? true len: 107 preview: sk_test...SDSz
2025-09-05 13:08:48: ✅ chat.js wurde geladen
2025-09-05 13:08:48: ROUTE LOADED: P:\11_Projekte\KI_bot\Backend\ZIP_Ordner\routes\admin-prompt.js
2025-09-05 13:08:49: ✅ Mail-Transport bereit
2025-09-05 13:08:59: [Stripe] key starts sk_? true len: 107 preview: sk_test...SDSz
2025-09-05 13:08:59: ✅ chat.js wurde geladen
2025-09-05 13:09:00: ROUTE LOADED: P:\11_Projekte\KI_bot\Backend\ZIP_Ordner\routes\admin-prompt.js
2025-09-05 13:09:00: ✅ Mail-Transport bereit
2025-09-05 13:09:11: [Stripe] key starts sk_? true len: 107 preview: sk_test...SDSz
2025-09-05 13:09:11: ✅ chat.js wurde geladen
2025-09-05 13:09:11: ROUTE LOADED: P:\11_Projekte\KI_bot\Backend\ZIP_Ordner\routes\admin-prompt.js
2025-09-05 13:09:12: ✅ Mail-Transport bereit
2025-09-05 13:09:22: [Stripe] key starts sk_? true len: 107 preview: sk_test...SDSz
2025-09-05 13:09:23: ✅ chat.js wurde geladen
2025-09-05 13:09:23: ROUTE LOADED: P:\11_Projekte\KI_bot\Backend\ZIP_Ordner\routes\admin-prompt.js
2025-09-05 13:09:23: ✅ Mail-Transport bereit
2025-09-05 13:09:35: [Stripe] key starts sk_? true len: 107 preview: sk_test...SDSz
2025-09-05 13:09:35: ✅ chat.js wurde geladen
2025-09-05 13:09:35: ROUTE LOADED: P:\11_Projekte\KI_bot\Backend\ZIP_Ordner\routes\admin-prompt.js
2025-09-05 13:09:36: ✅ Mail-Transport bereit
2025-09-05 13:09:46: [Stripe] key starts sk_? true len: 107 preview: sk_test...SDSz
2025-09-05 13:09:46: ✅ chat.js wurde geladen
2025-09-05 13:09:47: ROUTE LOADED: P:\11_Projekte\KI_bot\Backend\ZIP_Ordner\routes\admin-prompt.js
2025-09-05 13:09:47: ✅ Mail-Transport bereit
2025-09-05 13:09:58: [Stripe] key starts sk_? true len: 107 preview: sk_test...SDSz
2025-09-05 13:09:58: ✅ chat.js wurde geladen
2025-09-05 13:09:58: ROUTE LOADED: P:\11_Projekte\KI_bot\Backend\ZIP_Ordner\routes\admin-prompt.js
2025-09-05 13:09:59: ✅ Mail-Transport bereit
2025-09-05 13:10:10: [Stripe] key starts sk_? true len: 107 preview: sk_test...SDSz
2025-09-05 13:10:10: ✅ chat.js wurde geladen
2025-09-05 13:10:10: ROUTE LOADED: P:\11_Projekte\KI_bot\Backend\ZIP_Ordner\routes\admin-prompt.js
2025-09-05 13:10:10: ✅ Mail-Transport bereit
2025-09-05 13:10:21: [Stripe] key starts sk_? true len: 107 preview: sk_test...SDSz
2025-09-05 13:10:21: ✅ chat.js wurde geladen
2025-09-05 13:10:21: ROUTE LOADED: P:\11_Projekte\KI_bot\Backend\ZIP_Ordner\routes\admin-prompt.js
2025-09-05 13:10:22: ✅ Mail-Transport bereit
2025-09-05 13:10:33: [Stripe] key starts sk_? true len: 107 preview: sk_test...SDSz
2025-09-05 13:10:33: ✅ chat.js wurde geladen
2025-09-05 13:10:33: ROUTE LOADED: P:\11_Projekte\KI_bot\Backend\ZIP_Ordner\routes\admin-prompt.js
2025-09-05 13:10:34: ✅ Mail-Transport bereit
2025-09-05 13:10:44: [Stripe] key starts sk_? true len: 107 preview: sk_test...SDSz
2025-09-05 13:10:45: ✅ chat.js wurde geladen
2025-09-05 13:10:45: ROUTE LOADED: P:\11_Projekte\KI_bot\Backend\ZIP_Ordner\routes\admin-prompt.js
2025-09-05 13:10:45: ✅ Mail-Transport bereit
2025-09-05 13:10:56: [Stripe] key starts sk_? true len: 107 preview: sk_test...SDSz
2025-09-05 13:10:56: ✅ chat.js wurde geladen
2025-09-05 13:10:57: ROUTE LOADED: P:\11_Projekte\KI_bot\Backend\ZIP_Ordner\routes\admin-prompt.js
2025-09-05 13:10:57: ✅ Mail-Transport bereit
2025-09-05 13:11:08: [Stripe] key starts sk_? true len: 107 preview: sk_test...SDSz
2025-09-05 13:11:08: ✅ chat.js wurde geladen
2025-09-05 13:11:08: ROUTE LOADED: P:\11_Projekte\KI_bot\Backend\ZIP_Ordner\routes\admin-prompt.js
2025-09-05 13:11:09: ✅ Mail-Transport bereit
2025-09-05 13:11:20: [Stripe] key starts sk_? true len: 107 preview: sk_test...SDSz
2025-09-05 13:11:20: ✅ chat.js wurde geladen
2025-09-05 13:11:21: ROUTE LOADED: P:\11_Projekte\KI_bot\Backend\ZIP_Ordner\routes\admin-prompt.js
2025-09-05 13:11:21: ✅ Mail-Transport bereit
2025-09-05 13:11:32: [Stripe] key starts sk_? true len: 107 preview: sk_test...SDSz
2025-09-05 13:11:32: ✅ chat.js wurde geladen
2025-09-05 13:11:32: ROUTE LOADED: P:\11_Projekte\KI_bot\Backend\ZIP_Ordner\routes\admin-prompt.js
2025-09-05 13:11:33: ✅ Mail-Transport bereit
2025-09-05 13:11:44: [Stripe] key starts sk_? true len: 107 preview: sk_test...SDSz
2025-09-05 13:11:44: ✅ chat.js wurde geladen
2025-09-05 13:11:44: ROUTE LOADED: P:\11_Projekte\KI_bot\Backend\ZIP_Ordner\routes\admin-prompt.js
2025-09-05 13:11:45: ✅ Mail-Transport bereit
2025-09-05 13:11:56: [Stripe] key starts sk_? true len: 107 preview: sk_test...SDSz
2025-09-05 13:11:56: ✅ chat.js wurde geladen
2025-09-05 13:11:56: ROUTE LOADED: P:\11_Projekte\KI_bot\Backend\ZIP_Ordner\routes\admin-prompt.js
2025-09-05 13:11:57: ✅ Mail-Transport bereit
2025-09-05 13:12:07: [Stripe] key starts sk_? true len: 107 preview: sk_test...SDSz
2025-09-05 13:12:07: ✅ chat.js wurde geladen
2025-09-05 13:12:08: ROUTE LOADED: P:\11_Projekte\KI_bot\Backend\ZIP_Ordner\routes\admin-prompt.js
2025-09-05 13:12:08: ✅ Mail-Transport bereit
2025-09-05 13:12:19: [Stripe] key starts sk_? true len: 107 preview: sk_test...SDSz
2025-09-05 13:12:19: ✅ chat.js wurde geladen
2025-09-05 13:12:19: ROUTE LOADED: P:\11_Projekte\KI_bot\Backend\ZIP_Ordner\routes\admin-prompt.js
2025-09-05 13:12:20: ✅ Mail-Transport bereit
2025-09-05 13:12:30: [Stripe] key starts sk_? true len: 107 preview: sk_test...SDSz
2025-09-05 13:12:31: ✅ chat.js wurde geladen
2025-09-05 13:12:31: ROUTE LOADED: P:\11_Projekte\KI_bot\Backend\ZIP_Ordner\routes\admin-prompt.js
2025-09-05 13:12:31: ✅ Mail-Transport bereit
2025-09-05 13:12:42: [Stripe] key starts sk_? true len: 107 preview: sk_test...SDSz
2025-09-05 13:12:42: ✅ chat.js wurde geladen
2025-09-05 13:12:42: ROUTE LOADED: P:\11_Projekte\KI_bot\Backend\ZIP_Ordner\routes\admin-prompt.js
2025-09-05 13:12:43: ✅ Mail-Transport bereit
2025-09-05 13:12:53: [Stripe] key starts sk_? true len: 107 preview: sk_test...SDSz
2025-09-05 13:12:53: ✅ chat.js wurde geladen
2025-09-05 13:12:54: ROUTE LOADED: P:\11_Projekte\KI_bot\Backend\ZIP_Ordner\routes\admin-prompt.js
2025-09-05 13:12:54: ✅ Mail-Transport bereit
2025-09-05 13:13:05: [Stripe] key starts sk_? true len: 107 preview: sk_test...SDSz
2025-09-05 13:13:05: ✅ chat.js wurde geladen
2025-09-05 13:13:05: ROUTE LOADED: P:\11_Projekte\KI_bot\Backend\ZIP_Ordner\routes\admin-prompt.js
2025-09-05 13:13:06: ✅ Mail-Transport bereit
2025-09-05 13:13:16: [Stripe] key starts sk_? true len: 107 preview: sk_test...SDSz
2025-09-05 13:13:16: ✅ chat.js wurde geladen
2025-09-05 13:13:17: ROUTE LOADED: P:\11_Projekte\KI_bot\Backend\ZIP_Ordner\routes\admin-prompt.js
2025-09-05 13:13:17: ✅ Mail-Transport bereit
2025-09-05 13:13:28: [Stripe] key starts sk_? true len: 107 preview: sk_test...SDSz
2025-09-05 13:13:28: ✅ chat.js wurde geladen
2025-09-05 13:13:28: ROUTE LOADED: P:\11_Projekte\KI_bot\Backend\ZIP_Ordner\routes\admin-prompt.js
2025-09-05 13:13:29: ✅ Mail-Transport bereit
2025-09-05 13:13:39: [Stripe] key starts sk_? true len: 107 preview: sk_test...SDSz
2025-09-05 13:13:39: ✅ chat.js wurde geladen
2025-09-05 13:13:40: ROUTE LOADED: P:\11_Projekte\KI_bot\Backend\ZIP_Ordner\routes\admin-prompt.js
2025-09-05 13:13:40: ✅ Mail-Transport bereit
2025-09-05 13:13:51: [Stripe] key starts sk_? true len: 107 preview: sk_test...SDSz
2025-09-05 13:13:51: ✅ chat.js wurde geladen
2025-09-05 13:13:51: ROUTE LOADED: P:\11_Projekte\KI_bot\Backend\ZIP_Ordner\routes\admin-prompt.js
2025-09-05 13:13:52: ✅ Mail-Transport bereit
2025-09-05 13:14:02: [Stripe] key starts sk_? true len: 107 preview: sk_test...SDSz
2025-09-05 13:14:02: ✅ chat.js wurde geladen
2025-09-05 13:14:03: ROUTE LOADED: P:\11_Projekte\KI_bot\Backend\ZIP_Ordner\routes\admin-prompt.js
2025-09-05 13:14:03: ✅ Mail-Transport bereit
2025-09-05 13:14:14: [Stripe] key starts sk_? true len: 107 preview: sk_test...SDSz
2025-09-05 13:14:14: ✅ chat.js wurde geladen
2025-09-05 13:14:14: ROUTE LOADED: P:\11_Projekte\KI_bot\Backend\ZIP_Ordner\routes\admin-prompt.js
2025-09-05 13:14:15: ✅ Mail-Transport bereit
2025-09-05 13:14:25: [Stripe] key starts sk_? true len: 107 preview: sk_test...SDSz
2025-09-05 13:14:26: ✅ chat.js wurde geladen
2025-09-05 13:14:26: ROUTE LOADED: P:\11_Projekte\KI_bot\Backend\ZIP_Ordner\routes\admin-prompt.js
2025-09-05 13:14:26: ✅ Mail-Transport bereit
2025-09-05 13:14:37: [Stripe] key starts sk_? true len: 107 preview: sk_test...SDSz
2025-09-05 13:14:37: ✅ chat.js wurde geladen
2025-09-05 13:14:37: ROUTE LOADED: P:\11_Projekte\KI_bot\Backend\ZIP_Ordner\routes\admin-prompt.js
2025-09-05 13:14:38: ✅ Mail-Transport bereit
2025-09-05 13:14:48: [Stripe] key starts sk_? true len: 107 preview: sk_test...SDSz
2025-09-05 13:14:49: ✅ chat.js wurde geladen
2025-09-05 13:14:49: ROUTE LOADED: P:\11_Projekte\KI_bot\Backend\ZIP_Ordner\routes\admin-prompt.js
2025-09-05 13:14:50: ✅ Mail-Transport bereit
2025-09-05 13:15:00: [Stripe] key starts sk_? true len: 107 preview: sk_test...SDSz
2025-09-05 13:15:00: ✅ chat.js wurde geladen
2025-09-05 13:15:01: ROUTE LOADED: P:\11_Projekte\KI_bot\Backend\ZIP_Ordner\routes\admin-prompt.js
2025-09-05 13:15:01: ✅ Mail-Transport bereit
2025-09-05 13:15:12: [Stripe] key starts sk_? true len: 107 preview: sk_test...SDSz
2025-09-05 13:15:12: ✅ chat.js wurde geladen
2025-09-05 13:15:12: ROUTE LOADED: P:\11_Projekte\KI_bot\Backend\ZIP_Ordner\routes\admin-prompt.js
2025-09-05 13:15:13: ✅ Mail-Transport bereit
2025-09-05 13:15:24: [Stripe] key starts sk_? true len: 107 preview: sk_test...SDSz
2025-09-05 13:15:24: ✅ chat.js wurde geladen
2025-09-05 13:15:24: ROUTE LOADED: P:\11_Projekte\KI_bot\Backend\ZIP_Ordner\routes\admin-prompt.js
2025-09-05 13:15:25: ✅ Mail-Transport bereit
2025-09-05 13:15:35: [Stripe] key starts sk_? true len: 107 preview: sk_test...SDSz
2025-09-05 13:15:35: ✅ chat.js wurde geladen
2025-09-05 13:15:36: ROUTE LOADED: P:\11_Projekte\KI_bot\Backend\ZIP_Ordner\routes\admin-prompt.js
2025-09-05 13:15:36: ✅ Mail-Transport bereit
2025-09-05 13:15:47: [Stripe] key starts sk_? true len: 107 preview: sk_test...SDSz
2025-09-05 13:15:47: ✅ chat.js wurde geladen
2025-09-05 13:15:47: ROUTE LOADED: P:\11_Projekte\KI_bot\Backend\ZIP_Ordner\routes\admin-prompt.js
2025-09-05 13:15:48: ✅ Mail-Transport bereit
2025-09-05 13:15:58: [Stripe] key starts sk_? true len: 107 preview: sk_test...SDSz
2025-09-05 13:15:59: ✅ chat.js wurde geladen
2025-09-05 13:15:59: ROUTE LOADED: P:\11_Projekte\KI_bot\Backend\ZIP_Ordner\routes\admin-prompt.js
2025-09-05 13:15:59: ✅ Mail-Transport bereit
2025-09-05 13:16:10: [Stripe] key starts sk_? true len: 107 preview: sk_test...SDSz
2025-09-05 13:16:10: ✅ chat.js wurde geladen
2025-09-05 13:16:10: ROUTE LOADED: P:\11_Projekte\KI_bot\Backend\ZIP_Ordner\routes\admin-prompt.js
2025-09-05 13:16:11: ✅ Mail-Transport bereit
2025-09-05 13:16:21: [Stripe] key starts sk_? true len: 107 preview: sk_test...SDSz
2025-09-05 13:16:21: ✅ chat.js wurde geladen
2025-09-05 13:16:22: ROUTE LOADED: P:\11_Projekte\KI_bot\Backend\ZIP_Ordner\routes\admin-prompt.js
2025-09-05 13:16:22: ✅ Mail-Transport bereit
2025-09-05 13:16:33: [Stripe] key starts sk_? true len: 107 preview: sk_test...SDSz
2025-09-05 13:16:33: ✅ chat.js wurde geladen
2025-09-05 13:16:33: ROUTE LOADED: P:\11_Projekte\KI_bot\Backend\ZIP_Ordner\routes\admin-prompt.js
2025-09-05 13:16:34: ✅ Mail-Transport bereit
2025-09-05 13:16:44: [Stripe] key starts sk_? true len: 107 preview: sk_test...SDSz
2025-09-05 13:16:44: ✅ chat.js wurde geladen
2025-09-05 13:16:45: ROUTE LOADED: P:\11_Projekte\KI_bot\Backend\ZIP_Ordner\routes\admin-prompt.js
2025-09-05 13:16:45: ✅ Mail-Transport bereit
2025-09-05 13:16:56: [Stripe] key starts sk_? true len: 107 preview: sk_test...SDSz
2025-09-05 13:16:56: ✅ chat.js wurde geladen
2025-09-05 13:16:56: ROUTE LOADED: P:\11_Projekte\KI_bot\Backend\ZIP_Ordner\routes\admin-prompt.js
2025-09-05 13:16:57: ✅ Mail-Transport bereit
2025-09-05 13:17:07: [Stripe] key starts sk_? true len: 107 preview: sk_test...SDSz
2025-09-05 13:17:08: ✅ chat.js wurde geladen
2025-09-05 13:17:08: ROUTE LOADED: P:\11_Projekte\KI_bot\Backend\ZIP_Ordner\routes\admin-prompt.js
2025-09-05 13:17:08: ✅ Mail-Transport bereit
2025-09-05 13:17:19: [Stripe] key starts sk_? true len: 107 preview: sk_test...SDSz
2025-09-05 13:17:19: ✅ chat.js wurde geladen
2025-09-05 13:17:19: ROUTE LOADED: P:\11_Projekte\KI_bot\Backend\ZIP_Ordner\routes\admin-prompt.js
2025-09-05 13:17:20: ✅ Mail-Transport bereit
2025-09-05 13:17:30: [Stripe] key starts sk_? true len: 107 preview: sk_test...SDSz
2025-09-05 13:17:31: ✅ chat.js wurde geladen
2025-09-05 13:17:31: ROUTE LOADED: P:\11_Projekte\KI_bot\Backend\ZIP_Ordner\routes\admin-prompt.js
2025-09-05 13:17:31: ✅ Mail-Transport bereit
2025-09-05 13:17:42: [Stripe] key starts sk_? true len: 107 preview: sk_test...SDSz
2025-09-05 13:17:42: ✅ chat.js wurde geladen
2025-09-05 13:17:42: ROUTE LOADED: P:\11_Projekte\KI_bot\Backend\ZIP_Ordner\routes\admin-prompt.js
2025-09-05 13:17:43: ✅ Mail-Transport bereit
2025-09-05 13:17:53: [Stripe] key starts sk_? true len: 107 preview: sk_test...SDSz
2025-09-05 13:17:53: ✅ chat.js wurde geladen
2025-09-05 13:17:54: ROUTE LOADED: P:\11_Projekte\KI_bot\Backend\ZIP_Ordner\routes\admin-prompt.js
2025-09-05 13:17:54: ✅ Mail-Transport bereit
2025-09-05 13:18:04: [Stripe] key starts sk_? true len: 107 preview: sk_test...SDSz
2025-09-05 13:18:05: ✅ chat.js wurde geladen
2025-09-05 13:18:05: ROUTE LOADED: P:\11_Projekte\KI_bot\Backend\ZIP_Ordner\routes\admin-prompt.js
2025-09-05 13:18:05: ✅ Mail-Transport bereit
2025-09-05 13:18:16: [Stripe] key starts sk_? true len: 107 preview: sk_test...SDSz
2025-09-05 13:18:16: ✅ chat.js wurde geladen
2025-09-05 13:18:17: ROUTE LOADED: P:\11_Projekte\KI_bot\Backend\ZIP_Ordner\routes\admin-prompt.js
2025-09-05 13:18:17: ✅ Mail-Transport bereit
2025-09-05 13:18:28: [Stripe] key starts sk_? true len: 107 preview: sk_test...SDSz
2025-09-05 13:18:28: ✅ chat.js wurde geladen
2025-09-05 13:18:28: ROUTE LOADED: P:\11_Projekte\KI_bot\Backend\ZIP_Ordner\routes\admin-prompt.js
2025-09-05 13:18:29: ✅ Mail-Transport bereit
2025-09-05 13:18:39: [Stripe] key starts sk_? true len: 107 preview: sk_test...SDSz
2025-09-05 13:18:40: ✅ chat.js wurde geladen
2025-09-05 13:18:40: ROUTE LOADED: P:\11_Projekte\KI_bot\Backend\ZIP_Ordner\routes\admin-prompt.js
2025-09-05 13:18:40: ✅ Mail-Transport bereit
2025-09-05 13:18:51: [Stripe] key starts sk_? true len: 107 preview: sk_test...SDSz
2025-09-05 13:18:51: ✅ chat.js wurde geladen
2025-09-05 13:18:51: ROUTE LOADED: P:\11_Projekte\KI_bot\Backend\ZIP_Ordner\routes\admin-prompt.js
2025-09-05 13:18:52: ✅ Mail-Transport bereit
2025-09-05 13:19:02: [Stripe] key starts sk_? true len: 107 preview: sk_test...SDSz
2025-09-05 13:19:02: ✅ chat.js wurde geladen
2025-09-05 13:19:03: ROUTE LOADED: P:\11_Projekte\KI_bot\Backend\ZIP_Ordner\routes\admin-prompt.js
2025-09-05 13:19:03: ✅ Mail-Transport bereit
2025-09-05 13:19:14: [Stripe] key starts sk_? true len: 107 preview: sk_test...SDSz
2025-09-05 13:19:14: ✅ chat.js wurde geladen
2025-09-05 13:19:14: ROUTE LOADED: P:\11_Projekte\KI_bot\Backend\ZIP_Ordner\routes\admin-prompt.js
2025-09-05 13:19:15: ✅ Mail-Transport bereit
2025-09-05 13:19:25: [Stripe] key starts sk_? true len: 107 preview: sk_test...SDSz
2025-09-05 13:19:26: ✅ chat.js wurde geladen
2025-09-05 13:19:26: ROUTE LOADED: P:\11_Projekte\KI_bot\Backend\ZIP_Ordner\routes\admin-prompt.js
2025-09-05 13:19:26: ✅ Mail-Transport bereit
2025-09-05 13:19:37: [Stripe] key starts sk_? true len: 107 preview: sk_test...SDSz
2025-09-05 13:19:37: ✅ chat.js wurde geladen
2025-09-05 13:19:38: ROUTE LOADED: P:\11_Projekte\KI_bot\Backend\ZIP_Ordner\routes\admin-prompt.js
2025-09-05 13:19:38: ✅ Mail-Transport bereit
2025-09-05 13:19:49: [Stripe] key starts sk_? true len: 107 preview: sk_test...SDSz
2025-09-05 13:19:49: ✅ chat.js wurde geladen
2025-09-05 13:19:49: ROUTE LOADED: P:\11_Projekte\KI_bot\Backend\ZIP_Ordner\routes\admin-prompt.js
2025-09-05 13:19:50: ✅ Mail-Transport bereit
2025-09-05 13:20:00: [Stripe] key starts sk_? true len: 107 preview: sk_test...SDSz
2025-09-05 13:20:00: ✅ chat.js wurde geladen
2025-09-05 13:20:01: ROUTE LOADED: P:\11_Projekte\KI_bot\Backend\ZIP_Ordner\routes\admin-prompt.js
2025-09-05 13:20:01: ✅ Mail-Transport bereit
2025-09-05 13:20:12: [Stripe] key starts sk_? true len: 107 preview: sk_test...SDSz
2025-09-05 13:20:12: ✅ chat.js wurde geladen
2025-09-05 13:20:12: ROUTE LOADED: P:\11_Projekte\KI_bot\Backend\ZIP_Ordner\routes\admin-prompt.js
2025-09-05 13:20:13: 🎯 Server läuft auf Port 5000
2025-09-05 13:20:13: ✅ Mail-Transport bereit
2025-09-05 13:29:34: [Stripe] key starts sk_? true len: 107 preview: sk_test...SDSz
2025-09-05 13:29:34: ✅ chat.js wurde geladen
2025-09-05 13:29:34: ROUTE LOADED: P:\11_Projekte\KI_bot\Backend\ZIP_Ordner\routes\admin-prompt.js
2025-09-05 13:29:35: 🎯 Server läuft auf Port 5000
2025-09-05 13:29:35: ✅ Mail-Transport bereit
2025-09-05 13:34:03: [Stripe] key starts sk_? true len: 107 preview: sk_test...SDSz
2025-09-05 13:34:04: ✅ chat.js wurde geladen
2025-09-05 13:34:04: ROUTE LOADED: P:\11_Projekte\KI_bot\Backend\ZIP_Ordner\routes\admin-prompt.js
2025-09-05 13:34:04: 🎯 Server läuft auf Port 5000
2025-09-05 13:34:04: ✅ Mail-Transport bereit
2025-09-05 13:34:12: HIT /api/admin/kb/docs
2025-09-05 13:34:21: HIT /api/admin/kb/docs
2025-09-05 13:35:58: HIT /api/admin/kb/docs
2025-09-05 13:40:50: HIT /api/admin/kb/docs
2025-09-05 13:51:11: [Stripe] key starts sk_? true len: 107 preview: sk_test...SDSz
2025-09-05 13:51:12: ✅ chat.js wurde geladen
2025-09-05 13:51:12: ROUTE LOADED: P:\11_Projekte\KI_bot\Backend\ZIP_Ordner\routes\admin-prompt.js
2025-09-05 13:51:12: 🎯 Server läuft auf Port 5000
2025-09-05 13:51:12: ✅ Mail-Transport bereit
2025-09-05 13:58:13: HIT /api/admin/kb/docs
2025-09-05 14:24:31: HIT /api/admin/kb/docs
2025-09-05 14:31:44: HIT /api/admin/kb/docs
2025-09-05 14:33:26: [Stripe] key starts sk_? true len: 107 preview: sk_test...SDSz
2025-09-05 14:33:26: ✅ chat.js wurde geladen
2025-09-05 14:33:26: ROUTE LOADED: P:\11_Projekte\KI_bot\Backend\ZIP_Ordner\routes\admin-prompt.js
2025-09-05 14:33:27: 🎯 Server läuft auf Port 5000
2025-09-05 14:33:27: ✅ Mail-Transport bereit
2025-09-05 14:33:27: HIT /api/admin/kb/docs
2025-09-05 14:42:34: [Stripe] key starts sk_? true len: 107 preview: sk_test...SDSz
2025-09-05 14:42:34: ✅ chat.js wurde geladen
2025-09-05 14:42:34: ROUTE LOADED: P:\11_Projekte\KI_bot\Backend\ZIP_Ordner\routes\admin-prompt.js
2025-09-05 14:42:35: 🎯 Server läuft auf Port 5000
2025-09-05 14:42:35: ✅ Mail-Transport bereit
2025-09-05 14:42:36: HIT /api/admin/kb/docs
2025-09-05 15:13:48: [Stripe] key starts sk_? true len: 107 preview: sk_test...SDSz
2025-09-05 15:13:48: ✅ chat.js wurde geladen
2025-09-05 15:13:49: ROUTE LOADED: P:\11_Projekte\KI_bot\Backend\ZIP_Ordner\routes\admin-prompt.js
2025-09-05 15:13:57: [Stripe] key starts sk_? true len: 107 preview: sk_test...SDSz
2025-09-05 15:13:57: ✅ chat.js wurde geladen
2025-09-05 15:13:57: ROUTE LOADED: P:\11_Projekte\KI_bot\Backend\ZIP_Ordner\routes\admin-prompt.js
2025-09-05 15:14:05: [Stripe] key starts sk_? true len: 107 preview: sk_test...SDSz
2025-09-05 15:14:05: ✅ chat.js wurde geladen
2025-09-05 15:14:06: ROUTE LOADED: P:\11_Projekte\KI_bot\Backend\ZIP_Ordner\routes\admin-prompt.js
2025-09-05 15:14:14: [Stripe] key starts sk_? true len: 107 preview: sk_test...SDSz
2025-09-05 15:14:14: ✅ chat.js wurde geladen
2025-09-05 15:14:14: ROUTE LOADED: P:\11_Projekte\KI_bot\Backend\ZIP_Ordner\routes\admin-prompt.js
2025-09-05 15:14:22: [Stripe] key starts sk_? true len: 107 preview: sk_test...SDSz
2025-09-05 15:14:22: ✅ chat.js wurde geladen
2025-09-05 15:14:22: ROUTE LOADED: P:\11_Projekte\KI_bot\Backend\ZIP_Ordner\routes\admin-prompt.js
2025-09-05 15:14:31: [Stripe] key starts sk_? true len: 107 preview: sk_test...SDSz
2025-09-05 15:14:31: ✅ chat.js wurde geladen
2025-09-05 15:14:31: ROUTE LOADED: P:\11_Projekte\KI_bot\Backend\ZIP_Ordner\routes\admin-prompt.js
2025-09-05 15:14:39: [Stripe] key starts sk_? true len: 107 preview: sk_test...SDSz
2025-09-05 15:14:40: ✅ chat.js wurde geladen
2025-09-05 15:14:40: ROUTE LOADED: P:\11_Projekte\KI_bot\Backend\ZIP_Ordner\routes\admin-prompt.js
2025-09-05 15:14:48: [Stripe] key starts sk_? true len: 107 preview: sk_test...SDSz
2025-09-05 15:14:48: ✅ chat.js wurde geladen
2025-09-05 15:14:49: ROUTE LOADED: P:\11_Projekte\KI_bot\Backend\ZIP_Ordner\routes\admin-prompt.js
2025-09-05 15:14:57: [Stripe] key starts sk_? true len: 107 preview: sk_test...SDSz
2025-09-05 15:14:57: ✅ chat.js wurde geladen
2025-09-05 15:14:57: ROUTE LOADED: P:\11_Projekte\KI_bot\Backend\ZIP_Ordner\routes\admin-prompt.js
2025-09-05 15:15:05: [Stripe] key starts sk_? true len: 107 preview: sk_test...SDSz
2025-09-05 15:15:05: ✅ chat.js wurde geladen
2025-09-05 15:15:06: ROUTE LOADED: P:\11_Projekte\KI_bot\Backend\ZIP_Ordner\routes\admin-prompt.js
2025-09-05 15:15:14: [Stripe] key starts sk_? true len: 107 preview: sk_test...SDSz
2025-09-05 15:15:14: ✅ chat.js wurde geladen
2025-09-05 15:15:14: ROUTE LOADED: P:\11_Projekte\KI_bot\Backend\ZIP_Ordner\routes\admin-prompt.js
2025-09-05 15:15:23: [Stripe] key starts sk_? true len: 107 preview: sk_test...SDSz
2025-09-05 15:15:23: ✅ chat.js wurde geladen
2025-09-05 15:15:23: ROUTE LOADED: P:\11_Projekte\KI_bot\Backend\ZIP_Ordner\routes\admin-prompt.js
2025-09-05 15:15:31: [Stripe] key starts sk_? true len: 107 preview: sk_test...SDSz
2025-09-05 15:15:31: ✅ chat.js wurde geladen
2025-09-05 15:15:32: ROUTE LOADED: P:\11_Projekte\KI_bot\Backend\ZIP_Ordner\routes\admin-prompt.js
2025-09-05 15:15:40: [Stripe] key starts sk_? true len: 107 preview: sk_test...SDSz
2025-09-05 15:15:40: ✅ chat.js wurde geladen
2025-09-05 15:15:41: ROUTE LOADED: P:\11_Projekte\KI_bot\Backend\ZIP_Ordner\routes\admin-prompt.js
2025-09-05 15:15:49: [Stripe] key starts sk_? true len: 107 preview: sk_test...SDSz
2025-09-05 15:15:49: ✅ chat.js wurde geladen
2025-09-05 15:15:49: ROUTE LOADED: P:\11_Projekte\KI_bot\Backend\ZIP_Ordner\routes\admin-prompt.js
2025-09-05 15:15:57: [Stripe] key starts sk_? true len: 107 preview: sk_test...SDSz
2025-09-05 15:15:58: ✅ chat.js wurde geladen
2025-09-05 15:15:58: ROUTE LOADED: P:\11_Projekte\KI_bot\Backend\ZIP_Ordner\routes\admin-prompt.js
2025-09-05 15:16:06: [Stripe] key starts sk_? true len: 107 preview: sk_test...SDSz
2025-09-05 15:16:06: ✅ chat.js wurde geladen
2025-09-05 15:16:07: ROUTE LOADED: P:\11_Projekte\KI_bot\Backend\ZIP_Ordner\routes\admin-prompt.js
2025-09-05 15:16:15: [Stripe] key starts sk_? true len: 107 preview: sk_test...SDSz
2025-09-05 15:16:15: ✅ chat.js wurde geladen
2025-09-05 15:16:15: ROUTE LOADED: P:\11_Projekte\KI_bot\Backend\ZIP_Ordner\routes\admin-prompt.js
2025-09-05 15:16:24: [Stripe] key starts sk_? true len: 107 preview: sk_test...SDSz
2025-09-05 15:16:24: ✅ chat.js wurde geladen
2025-09-05 15:16:24: ROUTE LOADED: P:\11_Projekte\KI_bot\Backend\ZIP_Ordner\routes\admin-prompt.js
2025-09-05 15:16:32: [Stripe] key starts sk_? true len: 107 preview: sk_test...SDSz
2025-09-05 15:16:33: ✅ chat.js wurde geladen
2025-09-05 15:16:33: ROUTE LOADED: P:\11_Projekte\KI_bot\Backend\ZIP_Ordner\routes\admin-prompt.js
2025-09-05 15:16:41: [Stripe] key starts sk_? true len: 107 preview: sk_test...SDSz
2025-09-05 15:16:41: ✅ chat.js wurde geladen
2025-09-05 15:16:41: ROUTE LOADED: P:\11_Projekte\KI_bot\Backend\ZIP_Ordner\routes\admin-prompt.js
2025-09-05 15:16:49: [Stripe] key starts sk_? true len: 107 preview: sk_test...SDSz
2025-09-05 15:16:49: ✅ chat.js wurde geladen
2025-09-05 15:16:50: ROUTE LOADED: P:\11_Projekte\KI_bot\Backend\ZIP_Ordner\routes\admin-prompt.js
2025-09-05 15:16:58: [Stripe] key starts sk_? true len: 107 preview: sk_test...SDSz
2025-09-05 15:16:58: ✅ chat.js wurde geladen
2025-09-05 15:16:58: ROUTE LOADED: P:\11_Projekte\KI_bot\Backend\ZIP_Ordner\routes\admin-prompt.js
2025-09-05 15:17:06: [Stripe] key starts sk_? true len: 107 preview: sk_test...SDSz
2025-09-05 15:17:06: ✅ chat.js wurde geladen
2025-09-05 15:17:07: ROUTE LOADED: P:\11_Projekte\KI_bot\Backend\ZIP_Ordner\routes\admin-prompt.js
2025-09-05 15:17:15: [Stripe] key starts sk_? true len: 107 preview: sk_test...SDSz
2025-09-05 15:17:15: ✅ chat.js wurde geladen
2025-09-05 15:17:15: ROUTE LOADED: P:\11_Projekte\KI_bot\Backend\ZIP_Ordner\routes\admin-prompt.js
2025-09-05 15:17:23: [Stripe] key starts sk_? true len: 107 preview: sk_test...SDSz
2025-09-05 15:17:23: ✅ chat.js wurde geladen
2025-09-05 15:17:23: ROUTE LOADED: P:\11_Projekte\KI_bot\Backend\ZIP_Ordner\routes\admin-prompt.js
2025-09-05 15:17:31: [Stripe] key starts sk_? true len: 107 preview: sk_test...SDSz
2025-09-05 15:17:32: ✅ chat.js wurde geladen
2025-09-05 15:17:32: ROUTE LOADED: P:\11_Projekte\KI_bot\Backend\ZIP_Ordner\routes\admin-prompt.js
2025-09-05 15:17:40: [Stripe] key starts sk_? true len: 107 preview: sk_test...SDSz
2025-09-05 15:17:40: ✅ chat.js wurde geladen
2025-09-05 15:17:40: ROUTE LOADED: P:\11_Projekte\KI_bot\Backend\ZIP_Ordner\routes\admin-prompt.js
2025-09-05 15:17:48: [Stripe] key starts sk_? true len: 107 preview: sk_test...SDSz
2025-09-05 15:17:48: ✅ chat.js wurde geladen
2025-09-05 15:17:49: ROUTE LOADED: P:\11_Projekte\KI_bot\Backend\ZIP_Ordner\routes\admin-prompt.js
2025-09-05 15:17:57: [Stripe] key starts sk_? true len: 107 preview: sk_test...SDSz
2025-09-05 15:17:57: ✅ chat.js wurde geladen
2025-09-05 15:17:57: ROUTE LOADED: P:\11_Projekte\KI_bot\Backend\ZIP_Ordner\routes\admin-prompt.js
2025-09-05 15:18:06: [Stripe] key starts sk_? true len: 107 preview: sk_test...SDSz
2025-09-05 15:18:06: ✅ chat.js wurde geladen
2025-09-05 15:18:06: ROUTE LOADED: P:\11_Projekte\KI_bot\Backend\ZIP_Ordner\routes\admin-prompt.js
2025-09-05 15:18:14: [Stripe] key starts sk_? true len: 107 preview: sk_test...SDSz
2025-09-05 15:18:14: ✅ chat.js wurde geladen
2025-09-05 15:18:15: ROUTE LOADED: P:\11_Projekte\KI_bot\Backend\ZIP_Ordner\routes\admin-prompt.js
2025-09-05 15:18:23: [Stripe] key starts sk_? true len: 107 preview: sk_test...SDSz
2025-09-05 15:18:23: ✅ chat.js wurde geladen
2025-09-05 15:18:23: ROUTE LOADED: P:\11_Projekte\KI_bot\Backend\ZIP_Ordner\routes\admin-prompt.js
2025-09-05 15:18:31: [Stripe] key starts sk_? true len: 107 preview: sk_test...SDSz
2025-09-05 15:18:32: ✅ chat.js wurde geladen
2025-09-05 15:18:32: ROUTE LOADED: P:\11_Projekte\KI_bot\Backend\ZIP_Ordner\routes\admin-prompt.js
2025-09-05 15:18:40: [Stripe] key starts sk_? true len: 107 preview: sk_test...SDSz
2025-09-05 15:18:40: ✅ chat.js wurde geladen
2025-09-05 15:18:40: ROUTE LOADED: P:\11_Projekte\KI_bot\Backend\ZIP_Ordner\routes\admin-prompt.js
2025-09-05 15:18:49: [Stripe] key starts sk_? true len: 107 preview: sk_test...SDSz
2025-09-05 15:18:49: ✅ chat.js wurde geladen
2025-09-05 15:18:49: ROUTE LOADED: P:\11_Projekte\KI_bot\Backend\ZIP_Ordner\routes\admin-prompt.js
2025-09-05 15:18:57: [Stripe] key starts sk_? true len: 107 preview: sk_test...SDSz
2025-09-05 15:18:57: ✅ chat.js wurde geladen
2025-09-05 15:18:58: ROUTE LOADED: P:\11_Projekte\KI_bot\Backend\ZIP_Ordner\routes\admin-prompt.js
2025-09-05 15:19:06: [Stripe] key starts sk_? true len: 107 preview: sk_test...SDSz
2025-09-05 15:19:06: ✅ chat.js wurde geladen
2025-09-05 15:19:06: ROUTE LOADED: P:\11_Projekte\KI_bot\Backend\ZIP_Ordner\routes\admin-prompt.js
2025-09-05 15:19:14: [Stripe] key starts sk_? true len: 107 preview: sk_test...SDSz
2025-09-05 15:19:14: ✅ chat.js wurde geladen
2025-09-05 15:19:14: ROUTE LOADED: P:\11_Projekte\KI_bot\Backend\ZIP_Ordner\routes\admin-prompt.js
2025-09-05 15:19:22: [Stripe] key starts sk_? true len: 107 preview: sk_test...SDSz
2025-09-05 15:19:22: ✅ chat.js wurde geladen
2025-09-05 15:19:23: ROUTE LOADED: P:\11_Projekte\KI_bot\Backend\ZIP_Ordner\routes\admin-prompt.js
2025-09-05 15:19:31: [Stripe] key starts sk_? true len: 107 preview: sk_test...SDSz
2025-09-05 15:19:31: ✅ chat.js wurde geladen
2025-09-05 15:19:31: ROUTE LOADED: P:\11_Projekte\KI_bot\Backend\ZIP_Ordner\routes\admin-prompt.js
2025-09-05 15:19:40: [Stripe] key starts sk_? true len: 107 preview: sk_test...SDSz
2025-09-05 15:19:40: ✅ chat.js wurde geladen
2025-09-05 15:19:40: ROUTE LOADED: P:\11_Projekte\KI_bot\Backend\ZIP_Ordner\routes\admin-prompt.js
2025-09-05 15:19:48: [Stripe] key starts sk_? true len: 107 preview: sk_test...SDSz
2025-09-05 15:19:48: ✅ chat.js wurde geladen
2025-09-05 15:19:48: ROUTE LOADED: P:\11_Projekte\KI_bot\Backend\ZIP_Ordner\routes\admin-prompt.js
2025-09-05 15:19:56: [Stripe] key starts sk_? true len: 107 preview: sk_test...SDSz
2025-09-05 15:19:56: ✅ chat.js wurde geladen
2025-09-05 15:19:56: ROUTE LOADED: P:\11_Projekte\KI_bot\Backend\ZIP_Ordner\routes\admin-prompt.js
2025-09-05 15:20:04: [Stripe] key starts sk_? true len: 107 preview: sk_test...SDSz
2025-09-05 15:20:04: ✅ chat.js wurde geladen
2025-09-05 15:20:04: ROUTE LOADED: P:\11_Projekte\KI_bot\Backend\ZIP_Ordner\routes\admin-prompt.js
2025-09-05 15:20:12: [Stripe] key starts sk_? true len: 107 preview: sk_test...SDSz
2025-09-05 15:20:12: ✅ chat.js wurde geladen
2025-09-05 15:20:13: ROUTE LOADED: P:\11_Projekte\KI_bot\Backend\ZIP_Ordner\routes\admin-prompt.js
2025-09-05 15:20:20: [Stripe] key starts sk_? true len: 107 preview: sk_test...SDSz
2025-09-05 15:20:20: ✅ chat.js wurde geladen
2025-09-05 15:20:21: ROUTE LOADED: P:\11_Projekte\KI_bot\Backend\ZIP_Ordner\routes\admin-prompt.js
2025-09-05 15:20:29: [Stripe] key starts sk_? true len: 107 preview: sk_test...SDSz
2025-09-05 15:20:29: ✅ chat.js wurde geladen
2025-09-05 15:20:29: ROUTE LOADED: P:\11_Projekte\KI_bot\Backend\ZIP_Ordner\routes\admin-prompt.js
2025-09-05 15:20:37: [Stripe] key starts sk_? true len: 107 preview: sk_test...SDSz
2025-09-05 15:20:37: ✅ chat.js wurde geladen
2025-09-05 15:20:37: ROUTE LOADED: P:\11_Projekte\KI_bot\Backend\ZIP_Ordner\routes\admin-prompt.js
2025-09-05 15:20:45: [Stripe] key starts sk_? true len: 107 preview: sk_test...SDSz
2025-09-05 15:20:45: ✅ chat.js wurde geladen
2025-09-05 15:20:45: ROUTE LOADED: P:\11_Projekte\KI_bot\Backend\ZIP_Ordner\routes\admin-prompt.js
2025-09-05 15:20:54: [Stripe] key starts sk_? true len: 107 preview: sk_test...SDSz
2025-09-05 15:20:54: ✅ chat.js wurde geladen
2025-09-05 15:20:54: ROUTE LOADED: P:\11_Projekte\KI_bot\Backend\ZIP_Ordner\routes\admin-prompt.js
2025-09-05 15:21:02: [Stripe] key starts sk_? true len: 107 preview: sk_test...SDSz
2025-09-05 15:21:02: ✅ chat.js wurde geladen
2025-09-05 15:21:02: ROUTE LOADED: P:\11_Projekte\KI_bot\Backend\ZIP_Ordner\routes\admin-prompt.js
2025-09-05 15:21:11: [Stripe] key starts sk_? true len: 107 preview: sk_test...SDSz
2025-09-05 15:21:11: ✅ chat.js wurde geladen
2025-09-05 15:21:11: ROUTE LOADED: P:\11_Projekte\KI_bot\Backend\ZIP_Ordner\routes\admin-prompt.js
2025-09-05 15:21:19: [Stripe] key starts sk_? true len: 107 preview: sk_test...SDSz
2025-09-05 15:21:19: ✅ chat.js wurde geladen
2025-09-05 15:21:20: ROUTE LOADED: P:\11_Projekte\KI_bot\Backend\ZIP_Ordner\routes\admin-prompt.js
2025-09-05 15:21:28: [Stripe] key starts sk_? true len: 107 preview: sk_test...SDSz
2025-09-05 15:21:28: ✅ chat.js wurde geladen
2025-09-05 15:21:29: ROUTE LOADED: P:\11_Projekte\KI_bot\Backend\ZIP_Ordner\routes\admin-prompt.js
2025-09-05 15:21:37: [Stripe] key starts sk_? true len: 107 preview: sk_test...SDSz
2025-09-05 15:21:37: ✅ chat.js wurde geladen
2025-09-05 15:21:38: ROUTE LOADED: P:\11_Projekte\KI_bot\Backend\ZIP_Ordner\routes\admin-prompt.js
2025-09-05 15:21:46: [Stripe] key starts sk_? true len: 107 preview: sk_test...SDSz
2025-09-05 15:21:46: ✅ chat.js wurde geladen
2025-09-05 15:21:46: ROUTE LOADED: P:\11_Projekte\KI_bot\Backend\ZIP_Ordner\routes\admin-prompt.js
2025-09-05 15:21:55: [Stripe] key starts sk_? true len: 107 preview: sk_test...SDSz
2025-09-05 15:21:55: ✅ chat.js wurde geladen
2025-09-05 15:21:55: ROUTE LOADED: P:\11_Projekte\KI_bot\Backend\ZIP_Ordner\routes\admin-prompt.js
2025-09-05 15:22:03: [Stripe] key starts sk_? true len: 107 preview: sk_test...SDSz
2025-09-05 15:22:04: ✅ chat.js wurde geladen
2025-09-05 15:22:04: ROUTE LOADED: P:\11_Projekte\KI_bot\Backend\ZIP_Ordner\routes\admin-prompt.js
2025-09-05 15:22:12: [Stripe] key starts sk_? true len: 107 preview: sk_test...SDSz
2025-09-05 15:22:12: ✅ chat.js wurde geladen
2025-09-05 15:22:12: ROUTE LOADED: P:\11_Projekte\KI_bot\Backend\ZIP_Ordner\routes\admin-prompt.js
2025-09-05 15:22:21: [Stripe] key starts sk_? true len: 107 preview: sk_test...SDSz
2025-09-05 15:22:21: ✅ chat.js wurde geladen
2025-09-05 15:22:21: ROUTE LOADED: P:\11_Projekte\KI_bot\Backend\ZIP_Ordner\routes\admin-prompt.js
2025-09-05 15:22:29: [Stripe] key starts sk_? true len: 107 preview: sk_test...SDSz
2025-09-05 15:22:29: ✅ chat.js wurde geladen
2025-09-05 15:22:30: ROUTE LOADED: P:\11_Projekte\KI_bot\Backend\ZIP_Ordner\routes\admin-prompt.js
2025-09-05 15:22:38: [Stripe] key starts sk_? true len: 107 preview: sk_test...SDSz
2025-09-05 15:22:38: ✅ chat.js wurde geladen
2025-09-05 15:22:38: ROUTE LOADED: P:\11_Projekte\KI_bot\Backend\ZIP_Ordner\routes\admin-prompt.js
2025-09-05 15:22:46: [Stripe] key starts sk_? true len: 107 preview: sk_test...SDSz
2025-09-05 15:22:46: ✅ chat.js wurde geladen
2025-09-05 15:22:47: ROUTE LOADED: P:\11_Projekte\KI_bot\Backend\ZIP_Ordner\routes\admin-prompt.js
2025-09-05 15:22:55: [Stripe] key starts sk_? true len: 107 preview: sk_test...SDSz
2025-09-05 15:22:55: ✅ chat.js wurde geladen
2025-09-05 15:22:55: ROUTE LOADED: P:\11_Projekte\KI_bot\Backend\ZIP_Ordner\routes\admin-prompt.js
2025-09-05 15:23:03: [Stripe] key starts sk_? true len: 107 preview: sk_test...SDSz
2025-09-05 15:23:03: ✅ chat.js wurde geladen
2025-09-05 15:23:04: ROUTE LOADED: P:\11_Projekte\KI_bot\Backend\ZIP_Ordner\routes\admin-prompt.js
2025-09-05 15:23:12: [Stripe] key starts sk_? true len: 107 preview: sk_test...SDSz
2025-09-05 15:23:12: ✅ chat.js wurde geladen
2025-09-05 15:23:12: ROUTE LOADED: P:\11_Projekte\KI_bot\Backend\ZIP_Ordner\routes\admin-prompt.js
2025-09-05 15:23:20: [Stripe] key starts sk_? true len: 107 preview: sk_test...SDSz
2025-09-05 15:23:20: ✅ chat.js wurde geladen
2025-09-05 15:23:21: ROUTE LOADED: P:\11_Projekte\KI_bot\Backend\ZIP_Ordner\routes\admin-prompt.js
2025-09-05 15:23:28: [Stripe] key starts sk_? true len: 107 preview: sk_test...SDSz
2025-09-05 15:23:29: ✅ chat.js wurde geladen
2025-09-05 15:23:29: ROUTE LOADED: P:\11_Projekte\KI_bot\Backend\ZIP_Ordner\routes\admin-prompt.js
2025-09-05 15:23:37: [Stripe] key starts sk_? true len: 107 preview: sk_test...SDSz
2025-09-05 15:23:37: ✅ chat.js wurde geladen
2025-09-05 15:23:38: ROUTE LOADED: P:\11_Projekte\KI_bot\Backend\ZIP_Ordner\routes\admin-prompt.js
2025-09-05 15:23:46: [Stripe] key starts sk_? true len: 107 preview: sk_test...SDSz
2025-09-05 15:23:46: ✅ chat.js wurde geladen
2025-09-05 15:23:46: ROUTE LOADED: P:\11_Projekte\KI_bot\Backend\ZIP_Ordner\routes\admin-prompt.js
2025-09-05 15:23:54: [Stripe] key starts sk_? true len: 107 preview: sk_test...SDSz
2025-09-05 15:23:55: ✅ chat.js wurde geladen
2025-09-05 15:23:55: ROUTE LOADED: P:\11_Projekte\KI_bot\Backend\ZIP_Ordner\routes\admin-prompt.js
2025-09-05 15:24:04: [Stripe] key starts sk_? true len: 107 preview: sk_test...SDSz
2025-09-05 15:24:04: ✅ chat.js wurde geladen
2025-09-05 15:24:04: ROUTE LOADED: P:\11_Projekte\KI_bot\Backend\ZIP_Ordner\routes\admin-prompt.js
2025-09-05 15:24:12: [Stripe] key starts sk_? true len: 107 preview: sk_test...SDSz
2025-09-05 15:24:12: ✅ chat.js wurde geladen
2025-09-05 15:24:13: ROUTE LOADED: P:\11_Projekte\KI_bot\Backend\ZIP_Ordner\routes\admin-prompt.js
2025-09-05 15:24:21: [Stripe] key starts sk_? true len: 107 preview: sk_test...SDSz
2025-09-05 15:24:21: ✅ chat.js wurde geladen
2025-09-05 15:24:22: ROUTE LOADED: P:\11_Projekte\KI_bot\Backend\ZIP_Ordner\routes\admin-prompt.js
2025-09-05 15:24:30: [Stripe] key starts sk_? true len: 107 preview: sk_test...SDSz
2025-09-05 15:24:30: ✅ chat.js wurde geladen
2025-09-05 15:24:30: ROUTE LOADED: P:\11_Projekte\KI_bot\Backend\ZIP_Ordner\routes\admin-prompt.js
2025-09-05 15:24:39: [Stripe] key starts sk_? true len: 107 preview: sk_test...SDSz
2025-09-05 15:24:39: ✅ chat.js wurde geladen
2025-09-05 15:24:39: ROUTE LOADED: P:\11_Projekte\KI_bot\Backend\ZIP_Ordner\routes\admin-prompt.js
2025-09-05 15:24:40: 🎯 Server läuft auf Port 5000
2025-09-05 15:24:40: ✅ Mail-Transport bereit
2025-09-05 15:25:08: [Stripe] key starts sk_? true len: 107 preview: sk_test...SDSz
2025-09-05 15:25:08: ✅ chat.js wurde geladen
2025-09-05 15:25:08: ROUTE LOADED: P:\11_Projekte\KI_bot\Backend\ZIP_Ordner\routes\admin-prompt.js
2025-09-05 15:25:09: 🎯 Server läuft auf Port 5000
2025-09-05 15:25:09: ✅ Mail-Transport bereit
2025-09-05 15:25:28: HIT /api/admin/kb/docs
2025-09-05 15:29:36: HIT /api/admin/kb/docs
2025-09-05 15:30:27: HIT /api/admin/kb/docs
2025-09-05 16:53:11: HIT /api/admin/kb/docs
2025-09-05 17:02:09: HIT /api/admin/kb/docs
2025-09-05 17:04:08: HIT /api/admin/kb/docs
2025-09-05 17:04:31: HIT /api/admin/kb/docs
2025-09-05 17:06:30: [Stripe] key starts sk_? true len: 107 preview: sk_test...SDSz
2025-09-05 17:06:30: ✅ chat.js wurde geladen
2025-09-05 17:06:30: ROUTE LOADED: P:\11_Projekte\KI_bot\Backend\ZIP_Ordner\routes\admin-prompt.js
2025-09-05 17:06:30: 🎯 Server läuft auf Port 5000
2025-09-05 17:06:30: ✅ Mail-Transport bereit
2025-09-05 17:06:31: HIT /api/admin/kb/docs
2025-09-05 17:12:02: HIT /api/admin/kb/docs
2025-09-05 17:12:45: HIT /api/admin/kb/docs
2025-09-05 17:13:09: HIT /api/admin/kb/docs
2025-09-05 18:59:48: [Stripe] key starts sk_? true len: 107 preview: sk_test...SDSz
2025-09-05 18:59:48: ✅ chat.js wurde geladen
2025-09-05 18:59:49: ROUTE LOADED: P:\11_Projekte\KI_bot\Backend\ZIP_Ordner\routes\admin-prompt.js
2025-09-05 18:59:49: 🎯 Server läuft auf Port 5000
2025-09-05 18:59:50: HIT /api/admin/kb/docs
2025-09-05 20:38:08: HIT /api/admin/kb/docs
2025-09-05 20:50:27: [Stripe] key starts sk_? true len: 107 preview: sk_test...SDSz
2025-09-05 20:50:27: ✅ chat.js wurde geladen
2025-09-05 20:50:27: ROUTE LOADED: P:\11_Projekte\KI_bot\Backend\ZIP_Ordner\routes\admin-prompt.js
2025-09-05 20:50:28: 🎯 Server läuft auf Port 5000
2025-09-05 20:50:36: HIT /api/admin/kb/docs
2025-09-05 20:52:04: HIT /api/admin/kb/docs
2025-09-05 21:06:18: HIT /api/admin/kb/docs
2025-09-05 22:23:54: [Stripe] key starts sk_? true len: 107 preview: sk_test...SDSz
2025-09-05 22:23:54: ✅ chat.js wurde geladen
2025-09-05 22:23:54: ROUTE LOADED: P:\11_Projekte\KI_bot\Backend\ZIP_Ordner\routes\admin-prompt.js
2025-09-05 22:23:55: 🎯 Server läuft auf Port 5000
